2020-06-05 10:35:57 [main] INFO  com.wisesoft.cdfyshow.CdfyShowApplication - Starting CdfyShowApplication on DESKTOP-6GTNQMT with PID 6436 (E:\cdzs-workspace\com.wisesoft.cdfyshow\target\classes started by lenovo in E:\cdzs-workspace\com.wisesoft.cdfyshow)
2020-06-05 10:35:57 [main] INFO  com.wisesoft.cdfyshow.CdfyShowApplication - The following profiles are active: dev
2020-06-05 10:36:13 [main] INFO  o.s.boot.web.embedded.tomcat.TomcatWebServer - Tomcat initialized with port(s): 17777 (http)
2020-06-05 10:36:13 [main] INFO  org.apache.coyote.http11.Http11NioProtocol - Initializing ProtocolHandler ["http-nio-17777"]
2020-06-05 10:36:13 [main] INFO  org.apache.catalina.core.StandardService - Starting service [Tomcat]
2020-06-05 10:36:13 [main] INFO  org.apache.catalina.core.StandardEngine - Starting Servlet engine: [Apache Tomcat/9.0.35]
2020-06-05 10:36:15 [main] INFO  o.a.c.c.C.[Tomcat].[localhost].[/cdfyshow] - Initializing Spring embedded WebApplicationContext
2020-06-05 10:36:15 [main] INFO  org.springframework.web.context.ContextLoader - Root WebApplicationContext: initialization completed in 17862 ms
2020-06-05 10:36:25 [main] INFO  o.s.scheduling.concurrent.ThreadPoolTaskExecutor - Initializing ExecutorService 'applicationTaskExecutor'
2020-06-05 10:36:27 [main] INFO  org.apache.coyote.http11.Http11NioProtocol - Starting ProtocolHandler ["http-nio-17777"]
2020-06-05 10:36:27 [main] INFO  o.s.boot.web.embedded.tomcat.TomcatWebServer - Tomcat started on port(s): 17777 (http) with context path '/cdfyshow'
2020-06-05 10:36:27 [main] INFO  com.wisesoft.cdfyshow.CdfyShowApplication - Started CdfyShowApplication in 33.981 seconds (JVM running for 42.109)
2020-06-05 10:37:30 [http-nio-17777-exec-2] INFO  o.a.c.c.C.[Tomcat].[localhost].[/cdfyshow] - Initializing Spring DispatcherServlet 'dispatcherServlet'
2020-06-05 10:37:30 [http-nio-17777-exec-2] INFO  org.springframework.web.servlet.DispatcherServlet - Initializing Servlet 'dispatcherServlet'
2020-06-05 10:37:30 [http-nio-17777-exec-2] INFO  org.springframework.web.servlet.DispatcherServlet - Completed initialization in 85 ms
2020-06-05 10:37:46 [http-nio-17777-exec-2] INFO  com.alibaba.druid.pool.DruidDataSource - {dataSource-1} inited
2020-06-05 10:40:04 [SpringContextShutdownHook] INFO  o.s.scheduling.concurrent.ThreadPoolTaskExecutor - Shutting down ExecutorService 'applicationTaskExecutor'
2020-06-05 10:40:04 [SpringContextShutdownHook] INFO  com.alibaba.druid.pool.DruidDataSource - {dataSource-1} closed
2020-06-05 10:41:43 [main] INFO  com.wisesoft.cdfyshow.CdfyShowApplication - Starting CdfyShowApplication on DESKTOP-6GTNQMT with PID 18036 (E:\cdzs-workspace\com.wisesoft.cdfyshow\target\classes started by lenovo in E:\cdzs-workspace\com.wisesoft.cdfyshow)
2020-06-05 10:41:43 [main] INFO  com.wisesoft.cdfyshow.CdfyShowApplication - The following profiles are active: dev
2020-06-05 10:41:48 [main] INFO  o.s.boot.web.embedded.tomcat.TomcatWebServer - Tomcat initialized with port(s): 17777 (http)
2020-06-05 10:41:48 [main] INFO  org.apache.coyote.http11.Http11NioProtocol - Initializing ProtocolHandler ["http-nio-17777"]
2020-06-05 10:41:48 [main] INFO  org.apache.catalina.core.StandardService - Starting service [Tomcat]
2020-06-05 10:41:48 [main] INFO  org.apache.catalina.core.StandardEngine - Starting Servlet engine: [Apache Tomcat/9.0.35]
2020-06-05 10:41:48 [main] INFO  o.a.c.c.C.[Tomcat].[localhost].[/cdfyshow] - Initializing Spring embedded WebApplicationContext
2020-06-05 10:41:48 [main] INFO  org.springframework.web.context.ContextLoader - Root WebApplicationContext: initialization completed in 4464 ms
2020-06-05 10:41:50 [main] INFO  o.s.scheduling.concurrent.ThreadPoolTaskExecutor - Initializing ExecutorService 'applicationTaskExecutor'
2020-06-05 10:41:51 [main] INFO  org.apache.coyote.http11.Http11NioProtocol - Starting ProtocolHandler ["http-nio-17777"]
2020-06-05 10:41:51 [main] INFO  o.s.boot.web.embedded.tomcat.TomcatWebServer - Tomcat started on port(s): 17777 (http) with context path '/cdfyshow'
2020-06-05 10:41:51 [main] INFO  com.wisesoft.cdfyshow.CdfyShowApplication - Started CdfyShowApplication in 10.696 seconds (JVM running for 17.248)
2020-06-05 10:42:05 [http-nio-17777-exec-1] INFO  o.a.c.c.C.[Tomcat].[localhost].[/cdfyshow] - Initializing Spring DispatcherServlet 'dispatcherServlet'
2020-06-05 10:42:05 [http-nio-17777-exec-1] INFO  org.springframework.web.servlet.DispatcherServlet - Initializing Servlet 'dispatcherServlet'
2020-06-05 10:42:06 [http-nio-17777-exec-1] INFO  org.springframework.web.servlet.DispatcherServlet - Completed initialization in 167 ms
2020-06-05 10:42:19 [http-nio-17777-exec-1] INFO  com.alibaba.druid.pool.DruidDataSource - {dataSource-1} inited
2020-06-05 11:13:10 [SpringContextShutdownHook] INFO  o.s.scheduling.concurrent.ThreadPoolTaskExecutor - Shutting down ExecutorService 'applicationTaskExecutor'
2020-06-05 11:13:10 [SpringContextShutdownHook] INFO  com.alibaba.druid.pool.DruidDataSource - {dataSource-1} closed
2020-06-05 11:13:28 [main] INFO  com.wisesoft.cdfyshow.CdfyShowApplication - Starting CdfyShowApplication on DESKTOP-6GTNQMT with PID 6804 (E:\cdzs-workspace\com.wisesoft.cdfyshow\target\classes started by lenovo in E:\cdzs-workspace\com.wisesoft.cdfyshow)
2020-06-05 11:13:28 [main] INFO  com.wisesoft.cdfyshow.CdfyShowApplication - The following profiles are active: dev
2020-06-05 11:13:33 [main] INFO  o.s.boot.web.embedded.tomcat.TomcatWebServer - Tomcat initialized with port(s): 17777 (http)
2020-06-05 11:13:34 [main] INFO  org.apache.coyote.http11.Http11NioProtocol - Initializing ProtocolHandler ["http-nio-17777"]
2020-06-05 11:13:34 [main] INFO  org.apache.catalina.core.StandardService - Starting service [Tomcat]
2020-06-05 11:13:34 [main] INFO  org.apache.catalina.core.StandardEngine - Starting Servlet engine: [Apache Tomcat/9.0.35]
2020-06-05 11:13:34 [main] INFO  o.a.c.c.C.[Tomcat].[localhost].[/cdfyshow] - Initializing Spring embedded WebApplicationContext
2020-06-05 11:13:34 [main] INFO  org.springframework.web.context.ContextLoader - Root WebApplicationContext: initialization completed in 5990 ms
2020-06-05 11:13:36 [main] INFO  o.s.scheduling.concurrent.ThreadPoolTaskExecutor - Initializing ExecutorService 'applicationTaskExecutor'
2020-06-05 11:13:38 [main] INFO  org.apache.coyote.http11.Http11NioProtocol - Starting ProtocolHandler ["http-nio-17777"]
2020-06-05 11:13:38 [main] INFO  o.s.boot.web.embedded.tomcat.TomcatWebServer - Tomcat started on port(s): 17777 (http) with context path '/cdfyshow'
2020-06-05 11:13:38 [main] INFO  com.wisesoft.cdfyshow.CdfyShowApplication - Started CdfyShowApplication in 13.011 seconds (JVM running for 15.979)
2020-06-05 11:13:54 [http-nio-17777-exec-1] INFO  o.a.c.c.C.[Tomcat].[localhost].[/cdfyshow] - Initializing Spring DispatcherServlet 'dispatcherServlet'
2020-06-05 11:13:54 [http-nio-17777-exec-1] INFO  org.springframework.web.servlet.DispatcherServlet - Initializing Servlet 'dispatcherServlet'
2020-06-05 11:13:54 [http-nio-17777-exec-1] INFO  org.springframework.web.servlet.DispatcherServlet - Completed initialization in 82 ms
2020-06-05 11:14:00 [http-nio-17777-exec-1] INFO  com.alibaba.druid.pool.DruidDataSource - {dataSource-1} inited
2020-06-05 11:45:07 [SpringContextShutdownHook] INFO  o.s.scheduling.concurrent.ThreadPoolTaskExecutor - Shutting down ExecutorService 'applicationTaskExecutor'
2020-06-05 11:45:07 [SpringContextShutdownHook] INFO  com.alibaba.druid.pool.DruidDataSource - {dataSource-1} closed
2020-06-05 11:46:10 [main] INFO  com.wisesoft.cdfyshow.CdfyShowApplication - Starting CdfyShowApplication on DESKTOP-6GTNQMT with PID 17224 (E:\cdzs-workspace\com.wisesoft.cdfyshow\target\classes started by lenovo in E:\cdzs-workspace\com.wisesoft.cdfyshow)
2020-06-05 11:46:10 [main] INFO  com.wisesoft.cdfyshow.CdfyShowApplication - The following profiles are active: dev
2020-06-05 11:46:15 [main] INFO  o.s.boot.web.embedded.tomcat.TomcatWebServer - Tomcat initialized with port(s): 17777 (http)
2020-06-05 11:46:15 [main] INFO  org.apache.coyote.http11.Http11NioProtocol - Initializing ProtocolHandler ["http-nio-17777"]
2020-06-05 11:46:15 [main] INFO  org.apache.catalina.core.StandardService - Starting service [Tomcat]
2020-06-05 11:46:15 [main] INFO  org.apache.catalina.core.StandardEngine - Starting Servlet engine: [Apache Tomcat/9.0.35]
2020-06-05 11:46:15 [main] INFO  o.a.c.c.C.[Tomcat].[localhost].[/cdfyshow] - Initializing Spring embedded WebApplicationContext
2020-06-05 11:46:15 [main] INFO  org.springframework.web.context.ContextLoader - Root WebApplicationContext: initialization completed in 4614 ms
2020-06-05 11:46:17 [main] INFO  o.s.scheduling.concurrent.ThreadPoolTaskExecutor - Initializing ExecutorService 'applicationTaskExecutor'
2020-06-05 11:46:19 [main] INFO  org.apache.coyote.http11.Http11NioProtocol - Starting ProtocolHandler ["http-nio-17777"]
2020-06-05 11:46:19 [main] INFO  o.s.boot.web.embedded.tomcat.TomcatWebServer - Tomcat started on port(s): 17777 (http) with context path '/cdfyshow'
2020-06-05 11:46:19 [main] INFO  com.wisesoft.cdfyshow.CdfyShowApplication - Started CdfyShowApplication in 11.08 seconds (JVM running for 14.248)
2020-06-05 11:46:33 [http-nio-17777-exec-2] INFO  o.a.c.c.C.[Tomcat].[localhost].[/cdfyshow] - Initializing Spring DispatcherServlet 'dispatcherServlet'
2020-06-05 11:46:33 [http-nio-17777-exec-2] INFO  org.springframework.web.servlet.DispatcherServlet - Initializing Servlet 'dispatcherServlet'
2020-06-05 11:46:33 [http-nio-17777-exec-2] INFO  org.springframework.web.servlet.DispatcherServlet - Completed initialization in 57 ms
2020-06-05 12:01:23 [http-nio-17777-exec-2] INFO  com.alibaba.druid.pool.DruidDataSource - {dataSource-1} inited
2020-06-05 12:01:24 [SpringContextShutdownHook] INFO  o.s.scheduling.concurrent.ThreadPoolTaskExecutor - Shutting down ExecutorService 'applicationTaskExecutor'
2020-06-05 12:01:24 [SpringContextShutdownHook] INFO  com.alibaba.druid.pool.DruidDataSource - {dataSource-1} closed
2020-06-05 12:01:43 [main] INFO  com.wisesoft.cdfyshow.CdfyShowApplication - Starting CdfyShowApplication on DESKTOP-6GTNQMT with PID 8664 (E:\cdzs-workspace\com.wisesoft.cdfyshow\target\classes started by lenovo in E:\cdzs-workspace\com.wisesoft.cdfyshow)
2020-06-05 12:01:43 [main] INFO  com.wisesoft.cdfyshow.CdfyShowApplication - The following profiles are active: dev
2020-06-05 12:01:47 [main] INFO  o.s.boot.web.embedded.tomcat.TomcatWebServer - Tomcat initialized with port(s): 17777 (http)
2020-06-05 12:01:47 [main] INFO  org.apache.coyote.http11.Http11NioProtocol - Initializing ProtocolHandler ["http-nio-17777"]
2020-06-05 12:01:47 [main] INFO  org.apache.catalina.core.StandardService - Starting service [Tomcat]
2020-06-05 12:01:47 [main] INFO  org.apache.catalina.core.StandardEngine - Starting Servlet engine: [Apache Tomcat/9.0.35]
2020-06-05 12:01:47 [main] INFO  o.a.c.c.C.[Tomcat].[localhost].[/cdfyshow] - Initializing Spring embedded WebApplicationContext
2020-06-05 12:01:47 [main] INFO  org.springframework.web.context.ContextLoader - Root WebApplicationContext: initialization completed in 4251 ms
2020-06-05 12:01:50 [main] INFO  o.s.scheduling.concurrent.ThreadPoolTaskExecutor - Initializing ExecutorService 'applicationTaskExecutor'
2020-06-05 12:01:51 [main] INFO  org.apache.coyote.http11.Http11NioProtocol - Starting ProtocolHandler ["http-nio-17777"]
2020-06-05 12:01:51 [main] INFO  o.s.boot.web.embedded.tomcat.TomcatWebServer - Tomcat started on port(s): 17777 (http) with context path '/cdfyshow'
2020-06-05 12:01:51 [main] INFO  com.wisesoft.cdfyshow.CdfyShowApplication - Started CdfyShowApplication in 10.595 seconds (JVM running for 13.801)
2020-06-05 12:02:20 [http-nio-17777-exec-1] INFO  o.a.c.c.C.[Tomcat].[localhost].[/cdfyshow] - Initializing Spring DispatcherServlet 'dispatcherServlet'
2020-06-05 12:02:20 [http-nio-17777-exec-1] INFO  org.springframework.web.servlet.DispatcherServlet - Initializing Servlet 'dispatcherServlet'
2020-06-05 12:02:20 [http-nio-17777-exec-1] INFO  org.springframework.web.servlet.DispatcherServlet - Completed initialization in 87 ms
2020-06-05 12:02:38 [http-nio-17777-exec-1] INFO  com.alibaba.druid.pool.DruidDataSource - {dataSource-1} inited
2020-06-05 12:02:41 [SpringContextShutdownHook] INFO  o.s.scheduling.concurrent.ThreadPoolTaskExecutor - Shutting down ExecutorService 'applicationTaskExecutor'
2020-06-05 12:02:41 [SpringContextShutdownHook] INFO  com.alibaba.druid.pool.DruidDataSource - {dataSource-1} closed
2020-06-05 12:03:10 [main] INFO  com.wisesoft.cdfyshow.CdfyShowApplication - Starting CdfyShowApplication on DESKTOP-6GTNQMT with PID 18484 (E:\cdzs-workspace\com.wisesoft.cdfyshow\target\classes started by lenovo in E:\cdzs-workspace\com.wisesoft.cdfyshow)
2020-06-05 12:03:10 [main] INFO  com.wisesoft.cdfyshow.CdfyShowApplication - The following profiles are active: dev
2020-06-05 12:03:15 [main] INFO  o.s.boot.web.embedded.tomcat.TomcatWebServer - Tomcat initialized with port(s): 17777 (http)
2020-06-05 12:03:15 [main] INFO  org.apache.coyote.http11.Http11NioProtocol - Initializing ProtocolHandler ["http-nio-17777"]
2020-06-05 12:03:15 [main] INFO  org.apache.catalina.core.StandardService - Starting service [Tomcat]
2020-06-05 12:03:15 [main] INFO  org.apache.catalina.core.StandardEngine - Starting Servlet engine: [Apache Tomcat/9.0.35]
2020-06-05 12:03:16 [main] INFO  o.a.c.c.C.[Tomcat].[localhost].[/cdfyshow] - Initializing Spring embedded WebApplicationContext
2020-06-05 12:03:16 [main] INFO  org.springframework.web.context.ContextLoader - Root WebApplicationContext: initialization completed in 5598 ms
2020-06-05 12:03:18 [main] INFO  o.s.scheduling.concurrent.ThreadPoolTaskExecutor - Initializing ExecutorService 'applicationTaskExecutor'
2020-06-05 12:03:19 [main] INFO  org.apache.coyote.http11.Http11NioProtocol - Starting ProtocolHandler ["http-nio-17777"]
2020-06-05 12:03:19 [main] INFO  o.s.boot.web.embedded.tomcat.TomcatWebServer - Tomcat started on port(s): 17777 (http) with context path '/cdfyshow'
2020-06-05 12:03:19 [main] INFO  com.wisesoft.cdfyshow.CdfyShowApplication - Started CdfyShowApplication in 11.985 seconds (JVM running for 16.536)
2020-06-05 12:03:32 [http-nio-17777-exec-2] INFO  o.a.c.c.C.[Tomcat].[localhost].[/cdfyshow] - Initializing Spring DispatcherServlet 'dispatcherServlet'
2020-06-05 12:03:32 [http-nio-17777-exec-2] INFO  org.springframework.web.servlet.DispatcherServlet - Initializing Servlet 'dispatcherServlet'
2020-06-05 12:03:32 [http-nio-17777-exec-2] INFO  org.springframework.web.servlet.DispatcherServlet - Completed initialization in 101 ms
2020-06-05 12:03:43 [http-nio-17777-exec-2] INFO  com.alibaba.druid.pool.DruidDataSource - {dataSource-1} inited
2020-06-05 12:06:37 [SpringContextShutdownHook] INFO  o.s.scheduling.concurrent.ThreadPoolTaskExecutor - Shutting down ExecutorService 'applicationTaskExecutor'
2020-06-05 12:06:37 [SpringContextShutdownHook] INFO  com.alibaba.druid.pool.DruidDataSource - {dataSource-1} closed
2020-06-05 12:06:55 [main] INFO  com.wisesoft.cdfyshow.CdfyShowApplication - Starting CdfyShowApplication on DESKTOP-6GTNQMT with PID 16456 (E:\cdzs-workspace\com.wisesoft.cdfyshow\target\classes started by lenovo in E:\cdzs-workspace\com.wisesoft.cdfyshow)
2020-06-05 12:06:55 [main] INFO  com.wisesoft.cdfyshow.CdfyShowApplication - The following profiles are active: dev
2020-06-05 12:07:00 [main] INFO  o.s.boot.web.embedded.tomcat.TomcatWebServer - Tomcat initialized with port(s): 17777 (http)
2020-06-05 12:07:00 [main] INFO  org.apache.coyote.http11.Http11NioProtocol - Initializing ProtocolHandler ["http-nio-17777"]
2020-06-05 12:07:00 [main] INFO  org.apache.catalina.core.StandardService - Starting service [Tomcat]
2020-06-05 12:07:00 [main] INFO  org.apache.catalina.core.StandardEngine - Starting Servlet engine: [Apache Tomcat/9.0.35]
2020-06-05 12:07:00 [main] INFO  o.a.c.c.C.[Tomcat].[localhost].[/cdfyshow] - Initializing Spring embedded WebApplicationContext
2020-06-05 12:07:00 [main] INFO  org.springframework.web.context.ContextLoader - Root WebApplicationContext: initialization completed in 4737 ms
2020-06-05 12:07:03 [main] INFO  o.s.scheduling.concurrent.ThreadPoolTaskExecutor - Initializing ExecutorService 'applicationTaskExecutor'
2020-06-05 12:07:04 [main] INFO  org.apache.coyote.http11.Http11NioProtocol - Starting ProtocolHandler ["http-nio-17777"]
2020-06-05 12:07:04 [main] INFO  o.s.boot.web.embedded.tomcat.TomcatWebServer - Tomcat started on port(s): 17777 (http) with context path '/cdfyshow'
2020-06-05 12:07:04 [main] INFO  com.wisesoft.cdfyshow.CdfyShowApplication - Started CdfyShowApplication in 11.803 seconds (JVM running for 15.769)
2020-06-05 12:07:08 [http-nio-17777-exec-2] INFO  o.a.c.c.C.[Tomcat].[localhost].[/cdfyshow] - Initializing Spring DispatcherServlet 'dispatcherServlet'
2020-06-05 12:07:08 [http-nio-17777-exec-2] INFO  org.springframework.web.servlet.DispatcherServlet - Initializing Servlet 'dispatcherServlet'
2020-06-05 12:07:08 [http-nio-17777-exec-2] INFO  org.springframework.web.servlet.DispatcherServlet - Completed initialization in 105 ms
2020-06-05 12:07:11 [http-nio-17777-exec-2] INFO  com.alibaba.druid.pool.DruidDataSource - {dataSource-1} inited
2020-06-05 12:08:10 [SpringContextShutdownHook] INFO  o.s.scheduling.concurrent.ThreadPoolTaskExecutor - Shutting down ExecutorService 'applicationTaskExecutor'
2020-06-05 12:08:10 [SpringContextShutdownHook] INFO  com.alibaba.druid.pool.DruidDataSource - {dataSource-1} closed
2020-06-05 12:08:29 [main] INFO  com.wisesoft.cdfyshow.CdfyShowApplication - Starting CdfyShowApplication on DESKTOP-6GTNQMT with PID 4564 (E:\cdzs-workspace\com.wisesoft.cdfyshow\target\classes started by lenovo in E:\cdzs-workspace\com.wisesoft.cdfyshow)
2020-06-05 12:08:29 [main] INFO  com.wisesoft.cdfyshow.CdfyShowApplication - The following profiles are active: dev
2020-06-05 12:08:33 [main] INFO  o.s.boot.web.embedded.tomcat.TomcatWebServer - Tomcat initialized with port(s): 17777 (http)
2020-06-05 12:08:33 [main] INFO  org.apache.coyote.http11.Http11NioProtocol - Initializing ProtocolHandler ["http-nio-17777"]
2020-06-05 12:08:33 [main] INFO  org.apache.catalina.core.StandardService - Starting service [Tomcat]
2020-06-05 12:08:33 [main] INFO  org.apache.catalina.core.StandardEngine - Starting Servlet engine: [Apache Tomcat/9.0.35]
2020-06-05 12:08:34 [main] INFO  o.a.c.c.C.[Tomcat].[localhost].[/cdfyshow] - Initializing Spring embedded WebApplicationContext
2020-06-05 12:08:34 [main] INFO  org.springframework.web.context.ContextLoader - Root WebApplicationContext: initialization completed in 4631 ms
2020-06-05 12:08:36 [main] INFO  o.s.scheduling.concurrent.ThreadPoolTaskExecutor - Initializing ExecutorService 'applicationTaskExecutor'
2020-06-05 12:08:37 [main] INFO  org.apache.coyote.http11.Http11NioProtocol - Starting ProtocolHandler ["http-nio-17777"]
2020-06-05 12:08:37 [main] INFO  o.s.boot.web.embedded.tomcat.TomcatWebServer - Tomcat started on port(s): 17777 (http) with context path '/cdfyshow'
2020-06-05 12:08:37 [main] INFO  com.wisesoft.cdfyshow.CdfyShowApplication - Started CdfyShowApplication in 11.7 seconds (JVM running for 15.333)
2020-06-05 12:08:43 [http-nio-17777-exec-2] INFO  o.a.c.c.C.[Tomcat].[localhost].[/cdfyshow] - Initializing Spring DispatcherServlet 'dispatcherServlet'
2020-06-05 12:08:43 [http-nio-17777-exec-2] INFO  org.springframework.web.servlet.DispatcherServlet - Initializing Servlet 'dispatcherServlet'
2020-06-05 12:08:43 [http-nio-17777-exec-2] INFO  org.springframework.web.servlet.DispatcherServlet - Completed initialization in 89 ms
2020-06-05 12:08:46 [http-nio-17777-exec-2] INFO  com.alibaba.druid.pool.DruidDataSource - {dataSource-1} inited
2020-06-05 14:06:51 [SpringContextShutdownHook] INFO  o.s.scheduling.concurrent.ThreadPoolTaskExecutor - Shutting down ExecutorService 'applicationTaskExecutor'
2020-06-05 14:06:51 [SpringContextShutdownHook] INFO  com.alibaba.druid.pool.DruidDataSource - {dataSource-1} closed
2020-06-05 14:07:12 [main] INFO  com.wisesoft.cdfyshow.CdfyShowApplication - Starting CdfyShowApplication on DESKTOP-6GTNQMT with PID 14760 (E:\cdzs-workspace\com.wisesoft.cdfyshow\target\classes started by lenovo in E:\cdzs-workspace\com.wisesoft.cdfyshow)
2020-06-05 14:07:12 [main] INFO  com.wisesoft.cdfyshow.CdfyShowApplication - The following profiles are active: dev
2020-06-05 14:07:17 [main] INFO  o.s.boot.web.embedded.tomcat.TomcatWebServer - Tomcat initialized with port(s): 17777 (http)
2020-06-05 14:07:17 [main] INFO  org.apache.coyote.http11.Http11NioProtocol - Initializing ProtocolHandler ["http-nio-17777"]
2020-06-05 14:07:17 [main] INFO  org.apache.catalina.core.StandardService - Starting service [Tomcat]
2020-06-05 14:07:17 [main] INFO  org.apache.catalina.core.StandardEngine - Starting Servlet engine: [Apache Tomcat/9.0.35]
2020-06-05 14:07:17 [main] INFO  o.a.c.c.C.[Tomcat].[localhost].[/cdfyshow] - Initializing Spring embedded WebApplicationContext
2020-06-05 14:07:17 [main] INFO  org.springframework.web.context.ContextLoader - Root WebApplicationContext: initialization completed in 5740 ms
2020-06-05 14:07:22 [main] INFO  o.s.scheduling.concurrent.ThreadPoolTaskExecutor - Initializing ExecutorService 'applicationTaskExecutor'
2020-06-05 14:07:25 [main] INFO  org.apache.coyote.http11.Http11NioProtocol - Starting ProtocolHandler ["http-nio-17777"]
2020-06-05 14:07:25 [main] INFO  o.s.boot.web.embedded.tomcat.TomcatWebServer - Tomcat started on port(s): 17777 (http) with context path '/cdfyshow'
2020-06-05 14:07:25 [main] INFO  com.wisesoft.cdfyshow.CdfyShowApplication - Started CdfyShowApplication in 15.833 seconds (JVM running for 19.219)
2020-06-05 14:07:34 [http-nio-17777-exec-1] INFO  o.a.c.c.C.[Tomcat].[localhost].[/cdfyshow] - Initializing Spring DispatcherServlet 'dispatcherServlet'
2020-06-05 14:07:34 [http-nio-17777-exec-1] INFO  org.springframework.web.servlet.DispatcherServlet - Initializing Servlet 'dispatcherServlet'
2020-06-05 14:07:35 [http-nio-17777-exec-1] INFO  org.springframework.web.servlet.DispatcherServlet - Completed initialization in 120 ms
2020-06-05 14:07:46 [http-nio-17777-exec-1] INFO  com.alibaba.druid.pool.DruidDataSource - {dataSource-1} inited
2020-06-05 14:28:17 [SpringContextShutdownHook] INFO  o.s.scheduling.concurrent.ThreadPoolTaskExecutor - Shutting down ExecutorService 'applicationTaskExecutor'
2020-06-05 14:28:17 [SpringContextShutdownHook] INFO  com.alibaba.druid.pool.DruidDataSource - {dataSource-1} closed
2020-06-05 14:28:46 [main] INFO  com.wisesoft.cdfyshow.CdfyShowApplication - Starting CdfyShowApplication on DESKTOP-6GTNQMT with PID 18512 (E:\cdzs-workspace\com.wisesoft.cdfyshow\target\classes started by lenovo in E:\cdzs-workspace\com.wisesoft.cdfyshow)
2020-06-05 14:28:46 [main] INFO  com.wisesoft.cdfyshow.CdfyShowApplication - The following profiles are active: dev
2020-06-05 14:28:57 [main] INFO  o.s.boot.web.embedded.tomcat.TomcatWebServer - Tomcat initialized with port(s): 8989 (http)
2020-06-05 14:28:57 [main] INFO  org.apache.coyote.http11.Http11NioProtocol - Initializing ProtocolHandler ["http-nio-8989"]
2020-06-05 14:28:57 [main] INFO  org.apache.catalina.core.StandardService - Starting service [Tomcat]
2020-06-05 14:28:57 [main] INFO  org.apache.catalina.core.StandardEngine - Starting Servlet engine: [Apache Tomcat/9.0.35]
2020-06-05 14:28:58 [main] INFO  o.a.c.c.C.[Tomcat].[localhost].[/cdfyshow] - Initializing Spring embedded WebApplicationContext
2020-06-05 14:28:58 [main] INFO  org.springframework.web.context.ContextLoader - Root WebApplicationContext: initialization completed in 11563 ms
2020-06-05 14:29:03 [main] INFO  o.s.scheduling.concurrent.ThreadPoolTaskExecutor - Initializing ExecutorService 'applicationTaskExecutor'
2020-06-05 14:29:05 [main] INFO  org.apache.coyote.http11.Http11NioProtocol - Starting ProtocolHandler ["http-nio-8989"]
2020-06-05 14:29:06 [main] INFO  o.s.boot.web.embedded.tomcat.TomcatWebServer - Tomcat started on port(s): 8989 (http) with context path '/cdfyshow'
2020-06-05 14:29:06 [main] INFO  com.wisesoft.cdfyshow.CdfyShowApplication - Started CdfyShowApplication in 23.157 seconds (JVM running for 29.986)
2020-06-05 14:34:04 [SpringContextShutdownHook] INFO  o.s.scheduling.concurrent.ThreadPoolTaskExecutor - Shutting down ExecutorService 'applicationTaskExecutor'
2020-06-05 14:34:15 [main] INFO  com.wisesoft.cdfyshow.CdfyShowApplication - Starting CdfyShowApplication on DESKTOP-6GTNQMT with PID 9268 (E:\cdzs-workspace\com.wisesoft.cdfyshow\target\classes started by lenovo in E:\cdzs-workspace\com.wisesoft.cdfyshow)
2020-06-05 14:34:15 [main] INFO  com.wisesoft.cdfyshow.CdfyShowApplication - The following profiles are active: test
2020-06-05 14:34:20 [main] INFO  o.s.boot.web.embedded.tomcat.TomcatWebServer - Tomcat initialized with port(s): 17777 (http)
2020-06-05 14:34:20 [main] INFO  org.apache.coyote.http11.Http11NioProtocol - Initializing ProtocolHandler ["http-nio-17777"]
2020-06-05 14:34:20 [main] INFO  org.apache.catalina.core.StandardService - Starting service [Tomcat]
2020-06-05 14:34:20 [main] INFO  org.apache.catalina.core.StandardEngine - Starting Servlet engine: [Apache Tomcat/9.0.35]
2020-06-05 14:34:20 [main] INFO  o.a.c.c.C.[Tomcat].[localhost].[/cdfyshow] - Initializing Spring embedded WebApplicationContext
2020-06-05 14:34:20 [main] INFO  org.springframework.web.context.ContextLoader - Root WebApplicationContext: initialization completed in 5382 ms
2020-06-05 14:34:23 [main] INFO  o.s.scheduling.concurrent.ThreadPoolTaskExecutor - Initializing ExecutorService 'applicationTaskExecutor'
2020-06-05 14:34:24 [main] INFO  org.apache.coyote.http11.Http11NioProtocol - Starting ProtocolHandler ["http-nio-17777"]
2020-06-05 14:34:24 [main] INFO  o.s.boot.web.embedded.tomcat.TomcatWebServer - Tomcat started on port(s): 17777 (http) with context path '/cdfyshow'
2020-06-05 14:34:24 [main] INFO  com.wisesoft.cdfyshow.CdfyShowApplication - Started CdfyShowApplication in 12.239 seconds (JVM running for 15.617)
2020-06-05 14:37:10 [main] INFO  com.wisesoft.cdfyshow.CdfyShowApplication - Starting CdfyShowApplication on DESKTOP-6GTNQMT with PID 17816 (E:\cdzs-workspace\com.wisesoft.cdfyshow\target\classes started by lenovo in E:\cdzs-workspace\com.wisesoft.cdfyshow)
2020-06-05 14:37:10 [main] INFO  com.wisesoft.cdfyshow.CdfyShowApplication - The following profiles are active: dev
2020-06-05 14:37:14 [main] INFO  o.s.boot.web.embedded.tomcat.TomcatWebServer - Tomcat initialized with port(s): 8989 (http)
2020-06-05 14:37:14 [main] INFO  org.apache.coyote.http11.Http11NioProtocol - Initializing ProtocolHandler ["http-nio-8989"]
2020-06-05 14:37:14 [main] INFO  org.apache.catalina.core.StandardService - Starting service [Tomcat]
2020-06-05 14:37:14 [main] INFO  org.apache.catalina.core.StandardEngine - Starting Servlet engine: [Apache Tomcat/9.0.35]
2020-06-05 14:37:14 [main] INFO  o.a.c.c.C.[Tomcat].[localhost].[/cdfyshow] - Initializing Spring embedded WebApplicationContext
2020-06-05 14:37:14 [main] INFO  org.springframework.web.context.ContextLoader - Root WebApplicationContext: initialization completed in 4514 ms
2020-06-05 14:37:17 [main] INFO  o.s.scheduling.concurrent.ThreadPoolTaskExecutor - Initializing ExecutorService 'applicationTaskExecutor'
2020-06-05 14:37:18 [main] INFO  org.apache.coyote.http11.Http11NioProtocol - Starting ProtocolHandler ["http-nio-8989"]
2020-06-05 14:37:18 [main] INFO  o.s.boot.web.embedded.tomcat.TomcatWebServer - Tomcat started on port(s): 8989 (http) with context path '/cdfyshow'
2020-06-05 14:37:18 [main] INFO  com.wisesoft.cdfyshow.CdfyShowApplication - Started CdfyShowApplication in 11.434 seconds (JVM running for 15.832)
2020-06-05 15:59:10 [SpringContextShutdownHook] INFO  o.s.scheduling.concurrent.ThreadPoolTaskExecutor - Shutting down ExecutorService 'applicationTaskExecutor'
2020-06-05 16:00:16 [SpringContextShutdownHook] INFO  o.s.scheduling.concurrent.ThreadPoolTaskExecutor - Shutting down ExecutorService 'applicationTaskExecutor'
2020-06-05 16:00:56 [main] INFO  com.wisesoft.cdfyshow.CdfyShowApplication - Starting CdfyShowApplication on DESKTOP-6GTNQMT with PID 16800 (E:\cdzs-workspace\com.wisesoft.cdfyshow\target\classes started by lenovo in E:\cdzs-workspace\com.wisesoft.cdfyshow)
2020-06-05 16:00:56 [main] INFO  com.wisesoft.cdfyshow.CdfyShowApplication - The following profiles are active: test
2020-06-05 16:01:00 [main] INFO  o.s.boot.web.embedded.tomcat.TomcatWebServer - Tomcat initialized with port(s): 17777 (http)
2020-06-05 16:01:00 [main] INFO  org.apache.coyote.http11.Http11NioProtocol - Initializing ProtocolHandler ["http-nio-17777"]
2020-06-05 16:01:00 [main] INFO  org.apache.catalina.core.StandardService - Starting service [Tomcat]
2020-06-05 16:01:00 [main] INFO  org.apache.catalina.core.StandardEngine - Starting Servlet engine: [Apache Tomcat/9.0.35]
2020-06-05 16:01:01 [main] INFO  o.a.c.c.C.[Tomcat].[localhost].[/cdfyshow] - Initializing Spring embedded WebApplicationContext
2020-06-05 16:01:01 [main] INFO  org.springframework.web.context.ContextLoader - Root WebApplicationContext: initialization completed in 4834 ms
2020-06-05 16:01:04 [main] INFO  o.s.scheduling.concurrent.ThreadPoolTaskExecutor - Initializing ExecutorService 'applicationTaskExecutor'
2020-06-05 16:01:06 [main] INFO  org.apache.coyote.http11.Http11NioProtocol - Starting ProtocolHandler ["http-nio-17777"]
2020-06-05 16:01:06 [main] INFO  o.s.boot.web.embedded.tomcat.TomcatWebServer - Tomcat started on port(s): 17777 (http) with context path '/cdfyshow'
2020-06-05 16:01:06 [main] INFO  com.wisesoft.cdfyshow.CdfyShowApplication - Started CdfyShowApplication in 13.416 seconds (JVM running for 16.911)
2020-06-05 16:01:39 [http-nio-17777-exec-2] INFO  o.a.c.c.C.[Tomcat].[localhost].[/cdfyshow] - Initializing Spring DispatcherServlet 'dispatcherServlet'
2020-06-05 16:01:39 [http-nio-17777-exec-2] INFO  org.springframework.web.servlet.DispatcherServlet - Initializing Servlet 'dispatcherServlet'
2020-06-05 16:01:39 [http-nio-17777-exec-2] INFO  org.springframework.web.servlet.DispatcherServlet - Completed initialization in 104 ms
2020-06-05 16:03:00 [SpringContextShutdownHook] INFO  o.s.scheduling.concurrent.ThreadPoolTaskExecutor - Shutting down ExecutorService 'applicationTaskExecutor'
2020-06-05 16:03:20 [main] INFO  com.wisesoft.cdfyshow.CdfyShowApplication - Starting CdfyShowApplication on DESKTOP-6GTNQMT with PID 13604 (E:\cdzs-workspace\com.wisesoft.cdfyshow\target\classes started by lenovo in E:\cdzs-workspace\com.wisesoft.cdfyshow)
2020-06-05 16:03:20 [main] INFO  com.wisesoft.cdfyshow.CdfyShowApplication - The following profiles are active: test
2020-06-05 16:03:25 [main] INFO  o.s.boot.web.embedded.tomcat.TomcatWebServer - Tomcat initialized with port(s): 17777 (http)
2020-06-05 16:03:25 [main] INFO  org.apache.coyote.http11.Http11NioProtocol - Initializing ProtocolHandler ["http-nio-17777"]
2020-06-05 16:03:25 [main] INFO  org.apache.catalina.core.StandardService - Starting service [Tomcat]
2020-06-05 16:03:25 [main] INFO  org.apache.catalina.core.StandardEngine - Starting Servlet engine: [Apache Tomcat/9.0.35]
2020-06-05 16:03:26 [main] INFO  o.a.c.c.C.[Tomcat].[localhost].[/cdfyshow] - Initializing Spring embedded WebApplicationContext
2020-06-05 16:03:26 [main] INFO  org.springframework.web.context.ContextLoader - Root WebApplicationContext: initialization completed in 5604 ms
2020-06-05 16:03:29 [main] INFO  o.s.scheduling.concurrent.ThreadPoolTaskExecutor - Initializing ExecutorService 'applicationTaskExecutor'
2020-06-05 16:03:30 [main] INFO  org.apache.coyote.http11.Http11NioProtocol - Starting ProtocolHandler ["http-nio-17777"]
2020-06-05 16:03:30 [main] INFO  o.s.boot.web.embedded.tomcat.TomcatWebServer - Tomcat started on port(s): 17777 (http) with context path '/cdfyshow'
2020-06-05 16:03:30 [main] INFO  com.wisesoft.cdfyshow.CdfyShowApplication - Started CdfyShowApplication in 13.179 seconds (JVM running for 16.493)
2020-06-05 16:03:40 [http-nio-17777-exec-1] INFO  o.a.c.c.C.[Tomcat].[localhost].[/cdfyshow] - Initializing Spring DispatcherServlet 'dispatcherServlet'
2020-06-05 16:03:40 [http-nio-17777-exec-1] INFO  org.springframework.web.servlet.DispatcherServlet - Initializing Servlet 'dispatcherServlet'
2020-06-05 16:03:40 [http-nio-17777-exec-1] INFO  org.springframework.web.servlet.DispatcherServlet - Completed initialization in 65 ms
2020-06-05 17:02:45 [SpringContextShutdownHook] INFO  o.s.scheduling.concurrent.ThreadPoolTaskExecutor - Shutting down ExecutorService 'applicationTaskExecutor'
2020-06-05 17:03:10 [main] INFO  com.wisesoft.cdfyshow.CdfyShowApplication - Starting CdfyShowApplication on DESKTOP-6GTNQMT with PID 15788 (E:\cdzs-workspace\com.wisesoft.cdfyshow\target\classes started by lenovo in E:\cdzs-workspace\com.wisesoft.cdfyshow)
2020-06-05 17:03:10 [main] INFO  com.wisesoft.cdfyshow.CdfyShowApplication - The following profiles are active: test
2020-06-05 17:03:17 [main] INFO  o.s.boot.web.embedded.tomcat.TomcatWebServer - Tomcat initialized with port(s): 17777 (http)
2020-06-05 17:03:17 [main] INFO  org.apache.coyote.http11.Http11NioProtocol - Initializing ProtocolHandler ["http-nio-17777"]
2020-06-05 17:03:17 [main] INFO  org.apache.catalina.core.StandardService - Starting service [Tomcat]
2020-06-05 17:03:17 [main] INFO  org.apache.catalina.core.StandardEngine - Starting Servlet engine: [Apache Tomcat/9.0.35]
2020-06-05 17:03:18 [main] INFO  o.a.c.c.C.[Tomcat].[localhost].[/cdfyshow] - Initializing Spring embedded WebApplicationContext
2020-06-05 17:03:18 [main] INFO  org.springframework.web.context.ContextLoader - Root WebApplicationContext: initialization completed in 7160 ms
2020-06-05 17:03:20 [main] INFO  o.s.scheduling.concurrent.ThreadPoolTaskExecutor - Initializing ExecutorService 'applicationTaskExecutor'
2020-06-05 17:03:21 [main] INFO  org.apache.coyote.http11.Http11NioProtocol - Starting ProtocolHandler ["http-nio-17777"]
2020-06-05 17:03:22 [main] INFO  o.s.boot.web.embedded.tomcat.TomcatWebServer - Tomcat started on port(s): 17777 (http) with context path '/cdfyshow'
2020-06-05 17:03:22 [main] INFO  com.wisesoft.cdfyshow.CdfyShowApplication - Started CdfyShowApplication in 13.605 seconds (JVM running for 20.293)
2020-06-05 17:03:52 [http-nio-17777-exec-2] INFO  o.a.c.c.C.[Tomcat].[localhost].[/cdfyshow] - Initializing Spring DispatcherServlet 'dispatcherServlet'
2020-06-05 17:03:52 [http-nio-17777-exec-2] INFO  org.springframework.web.servlet.DispatcherServlet - Initializing Servlet 'dispatcherServlet'
2020-06-05 17:03:52 [http-nio-17777-exec-2] INFO  org.springframework.web.servlet.DispatcherServlet - Completed initialization in 111 ms
2020-06-05 17:08:43 [SpringContextShutdownHook] INFO  o.s.scheduling.concurrent.ThreadPoolTaskExecutor - Shutting down ExecutorService 'applicationTaskExecutor'
2020-06-05 17:09:01 [main] INFO  com.wisesoft.cdfyshow.CdfyShowApplication - Starting CdfyShowApplication on DESKTOP-6GTNQMT with PID 14976 (E:\cdzs-workspace\com.wisesoft.cdfyshow\target\classes started by lenovo in E:\cdzs-workspace\com.wisesoft.cdfyshow)
2020-06-05 17:09:01 [main] INFO  com.wisesoft.cdfyshow.CdfyShowApplication - The following profiles are active: test
2020-06-05 17:09:06 [main] INFO  o.s.boot.web.embedded.tomcat.TomcatWebServer - Tomcat initialized with port(s): 17777 (http)
2020-06-05 17:09:06 [main] INFO  org.apache.coyote.http11.Http11NioProtocol - Initializing ProtocolHandler ["http-nio-17777"]
2020-06-05 17:09:06 [main] INFO  org.apache.catalina.core.StandardService - Starting service [Tomcat]
2020-06-05 17:09:06 [main] INFO  org.apache.catalina.core.StandardEngine - Starting Servlet engine: [Apache Tomcat/9.0.35]
2020-06-05 17:09:06 [main] INFO  o.a.c.c.C.[Tomcat].[localhost].[/cdfyshow] - Initializing Spring embedded WebApplicationContext
2020-06-05 17:09:06 [main] INFO  org.springframework.web.context.ContextLoader - Root WebApplicationContext: initialization completed in 5088 ms
2020-06-05 17:09:09 [main] INFO  o.s.scheduling.concurrent.ThreadPoolTaskExecutor - Initializing ExecutorService 'applicationTaskExecutor'
2020-06-05 17:09:10 [main] INFO  org.apache.coyote.http11.Http11NioProtocol - Starting ProtocolHandler ["http-nio-17777"]
2020-06-05 17:09:10 [main] INFO  o.s.boot.web.embedded.tomcat.TomcatWebServer - Tomcat started on port(s): 17777 (http) with context path '/cdfyshow'
2020-06-05 17:09:10 [main] INFO  com.wisesoft.cdfyshow.CdfyShowApplication - Started CdfyShowApplication in 12.429 seconds (JVM running for 16.425)
2020-06-05 17:09:35 [http-nio-17777-exec-2] INFO  o.a.c.c.C.[Tomcat].[localhost].[/cdfyshow] - Initializing Spring DispatcherServlet 'dispatcherServlet'
2020-06-05 17:09:35 [http-nio-17777-exec-2] INFO  org.springframework.web.servlet.DispatcherServlet - Initializing Servlet 'dispatcherServlet'
2020-06-05 17:09:35 [http-nio-17777-exec-2] INFO  org.springframework.web.servlet.DispatcherServlet - Completed initialization in 198 ms
2020-06-05 17:17:27 [SpringContextShutdownHook] INFO  o.s.scheduling.concurrent.ThreadPoolTaskExecutor - Shutting down ExecutorService 'applicationTaskExecutor'
2020-06-05 17:17:43 [main] INFO  com.wisesoft.cdfyshow.CdfyShowApplication - Starting CdfyShowApplication on DESKTOP-6GTNQMT with PID 17420 (E:\cdzs-workspace\com.wisesoft.cdfyshow\target\classes started by lenovo in E:\cdzs-workspace\com.wisesoft.cdfyshow)
2020-06-05 17:17:44 [main] INFO  com.wisesoft.cdfyshow.CdfyShowApplication - The following profiles are active: test
2020-06-05 17:17:48 [main] INFO  o.s.boot.web.embedded.tomcat.TomcatWebServer - Tomcat initialized with port(s): 17777 (http)
2020-06-05 17:17:48 [main] INFO  org.apache.coyote.http11.Http11NioProtocol - Initializing ProtocolHandler ["http-nio-17777"]
2020-06-05 17:17:48 [main] INFO  org.apache.catalina.core.StandardService - Starting service [Tomcat]
2020-06-05 17:17:48 [main] INFO  org.apache.catalina.core.StandardEngine - Starting Servlet engine: [Apache Tomcat/9.0.35]
2020-06-05 17:17:48 [main] INFO  o.a.c.c.C.[Tomcat].[localhost].[/cdfyshow] - Initializing Spring embedded WebApplicationContext
2020-06-05 17:17:48 [main] INFO  org.springframework.web.context.ContextLoader - Root WebApplicationContext: initialization completed in 4581 ms
2020-06-05 17:17:51 [main] INFO  o.s.scheduling.concurrent.ThreadPoolTaskExecutor - Initializing ExecutorService 'applicationTaskExecutor'
2020-06-05 17:17:51 [main] WARN  o.s.b.w.s.c.AnnotationConfigServletWebServerApplicationContext - Exception encountered during context initialization - cancelling refresh attempt: org.springframework.beans.factory.BeanCreationException: Error creating bean with name 'requestMappingHandlerMapping' defined in class path resource [org/springframework/boot/autoconfigure/web/servlet/WebMvcAutoConfiguration$EnableWebMvcConfiguration.class]: Invocation of init method failed; nested exception is java.lang.IllegalStateException: Ambiguous mapping. Cannot map 'dataController' method 
com.wisesoft.cdfyshow.controller.DataController#test1(Date)
to {GET /data/test/hh}: There is already 'dataController' bean method
com.wisesoft.cdfyshow.controller.DataController#test2(Date) mapped.
2020-06-05 17:17:51 [main] INFO  o.s.scheduling.concurrent.ThreadPoolTaskExecutor - Shutting down ExecutorService 'applicationTaskExecutor'
2020-06-05 17:17:51 [main] INFO  org.apache.catalina.core.StandardService - Stopping service [Tomcat]
2020-06-05 17:17:51 [main] INFO  o.s.b.a.l.ConditionEvaluationReportLoggingListener - 

Error starting ApplicationContext. To display the conditions report re-run your application with 'debug' enabled.
2020-06-05 17:17:51 [main] WARN  org.springframework.boot.SpringApplication - Unable to close ApplicationContext
org.springframework.beans.factory.BeanCreationException: Error creating bean with name 'org.springframework.boot.autoconfigure.admin.SpringApplicationAdminJmxAutoConfiguration': Initialization of bean failed; nested exception is org.springframework.beans.factory.BeanCreationException: Error creating bean with name 'org.springframework.transaction.annotation.ProxyTransactionManagementConfiguration': Initialization of bean failed; nested exception is org.springframework.beans.factory.NoSuchBeanDefinitionException: No bean named 'org.springframework.context.annotation.ConfigurationClassPostProcessor.importRegistry' available
	at org.springframework.beans.factory.support.AbstractAutowireCapableBeanFactory.doCreateBean(AbstractAutowireCapableBeanFactory.java:603)
	at org.springframework.beans.factory.support.AbstractAutowireCapableBeanFactory.createBean(AbstractAutowireCapableBeanFactory.java:517)
	at org.springframework.beans.factory.support.AbstractBeanFactory.lambda$doGetBean$0(AbstractBeanFactory.java:323)
	at org.springframework.beans.factory.support.DefaultSingletonBeanRegistry.getSingleton(DefaultSingletonBeanRegistry.java:226)
	at org.springframework.beans.factory.support.AbstractBeanFactory.doGetBean(AbstractBeanFactory.java:321)
	at org.springframework.beans.factory.support.AbstractBeanFactory.getBean(AbstractBeanFactory.java:202)
	at org.springframework.beans.factory.support.ConstructorResolver.instantiateUsingFactoryMethod(ConstructorResolver.java:409)
	at org.springframework.beans.factory.support.AbstractAutowireCapableBeanFactory.instantiateUsingFactoryMethod(AbstractAutowireCapableBeanFactory.java:1338)
	at org.springframework.beans.factory.support.AbstractAutowireCapableBeanFactory.createBeanInstance(AbstractAutowireCapableBeanFactory.java:1177)
	at org.springframework.beans.factory.support.AbstractAutowireCapableBeanFactory.doCreateBean(AbstractAutowireCapableBeanFactory.java:557)
	at org.springframework.beans.factory.support.AbstractAutowireCapableBeanFactory.createBean(AbstractAutowireCapableBeanFactory.java:517)
	at org.springframework.beans.factory.support.AbstractBeanFactory.lambda$doGetBean$0(AbstractBeanFactory.java:323)
	at org.springframework.beans.factory.support.DefaultSingletonBeanRegistry.getSingleton(DefaultSingletonBeanRegistry.java:226)
	at org.springframework.beans.factory.support.AbstractBeanFactory.doGetBean(AbstractBeanFactory.java:321)
	at org.springframework.beans.factory.support.AbstractBeanFactory.getBean(AbstractBeanFactory.java:207)
	at org.springframework.context.event.AbstractApplicationEventMulticaster.retrieveApplicationListeners(AbstractApplicationEventMulticaster.java:245)
	at org.springframework.context.event.AbstractApplicationEventMulticaster.getApplicationListeners(AbstractApplicationEventMulticaster.java:197)
	at org.springframework.context.event.SimpleApplicationEventMulticaster.multicastEvent(SimpleApplicationEventMulticaster.java:134)
	at org.springframework.context.support.AbstractApplicationContext.publishEvent(AbstractApplicationContext.java:403)
	at org.springframework.context.support.AbstractApplicationContext.publishEvent(AbstractApplicationContext.java:360)
	at org.springframework.boot.availability.AvailabilityChangeEvent.publish(AvailabilityChangeEvent.java:81)
	at org.springframework.boot.availability.AvailabilityChangeEvent.publish(AvailabilityChangeEvent.java:67)
	at org.springframework.boot.web.servlet.context.ServletWebServerApplicationContext.doClose(ServletWebServerApplicationContext.java:167)
	at org.springframework.context.support.AbstractApplicationContext.close(AbstractApplicationContext.java:978)
	at org.springframework.boot.SpringApplication.handleRunFailure(SpringApplication.java:814)
	at org.springframework.boot.SpringApplication.run(SpringApplication.java:325)
	at org.springframework.boot.SpringApplication.run(SpringApplication.java:1237)
	at org.springframework.boot.SpringApplication.run(SpringApplication.java:1226)
	at com.wisesoft.cdfyshow.CdfyShowApplication.main(CdfyShowApplication.java:10)
Caused by: org.springframework.beans.factory.BeanCreationException: Error creating bean with name 'org.springframework.transaction.annotation.ProxyTransactionManagementConfiguration': Initialization of bean failed; nested exception is org.springframework.beans.factory.NoSuchBeanDefinitionException: No bean named 'org.springframework.context.annotation.ConfigurationClassPostProcessor.importRegistry' available
	at org.springframework.beans.factory.support.AbstractAutowireCapableBeanFactory.doCreateBean(AbstractAutowireCapableBeanFactory.java:603)
	at org.springframework.beans.factory.support.AbstractAutowireCapableBeanFactory.createBean(AbstractAutowireCapableBeanFactory.java:517)
	at org.springframework.beans.factory.support.AbstractBeanFactory.lambda$doGetBean$0(AbstractBeanFactory.java:323)
	at org.springframework.beans.factory.support.DefaultSingletonBeanRegistry.getSingleton(DefaultSingletonBeanRegistry.java:226)
	at org.springframework.beans.factory.support.AbstractBeanFactory.doGetBean(AbstractBeanFactory.java:321)
	at org.springframework.beans.factory.support.AbstractBeanFactory.getBean(AbstractBeanFactory.java:202)
	at org.springframework.beans.factory.support.ConstructorResolver.instantiateUsingFactoryMethod(ConstructorResolver.java:409)
	at org.springframework.beans.factory.support.AbstractAutowireCapableBeanFactory.instantiateUsingFactoryMethod(AbstractAutowireCapableBeanFactory.java:1338)
	at org.springframework.beans.factory.support.AbstractAutowireCapableBeanFactory.createBeanInstance(AbstractAutowireCapableBeanFactory.java:1177)
	at org.springframework.beans.factory.support.AbstractAutowireCapableBeanFactory.doCreateBean(AbstractAutowireCapableBeanFactory.java:557)
	at org.springframework.beans.factory.support.AbstractAutowireCapableBeanFactory.createBean(AbstractAutowireCapableBeanFactory.java:517)
	at org.springframework.beans.factory.support.AbstractBeanFactory.lambda$doGetBean$0(AbstractBeanFactory.java:323)
	at org.springframework.beans.factory.support.DefaultSingletonBeanRegistry.getSingleton(DefaultSingletonBeanRegistry.java:226)
	at org.springframework.beans.factory.support.AbstractBeanFactory.doGetBean(AbstractBeanFactory.java:321)
	at org.springframework.beans.factory.support.AbstractBeanFactory.getBean(AbstractBeanFactory.java:207)
	at org.springframework.aop.framework.autoproxy.BeanFactoryAdvisorRetrievalHelper.findAdvisorBeans(BeanFactoryAdvisorRetrievalHelper.java:91)
	at org.springframework.aop.framework.autoproxy.AbstractAdvisorAutoProxyCreator.findCandidateAdvisors(AbstractAdvisorAutoProxyCreator.java:109)
	at org.springframework.aop.framework.autoproxy.AbstractAdvisorAutoProxyCreator.findEligibleAdvisors(AbstractAdvisorAutoProxyCreator.java:94)
	at org.springframework.aop.framework.autoproxy.AbstractAdvisorAutoProxyCreator.getAdvicesAndAdvisorsForBean(AbstractAdvisorAutoProxyCreator.java:76)
	at org.springframework.aop.framework.autoproxy.AbstractAutoProxyCreator.wrapIfNecessary(AbstractAutoProxyCreator.java:347)
	at org.springframework.aop.framework.autoproxy.AbstractAutoProxyCreator.postProcessAfterInitialization(AbstractAutoProxyCreator.java:299)
	at org.springframework.beans.factory.support.AbstractAutowireCapableBeanFactory.applyBeanPostProcessorsAfterInitialization(AbstractAutowireCapableBeanFactory.java:431)
	at org.springframework.beans.factory.support.AbstractAutowireCapableBeanFactory.initializeBean(AbstractAutowireCapableBeanFactory.java:1800)
	at org.springframework.beans.factory.support.AbstractAutowireCapableBeanFactory.doCreateBean(AbstractAutowireCapableBeanFactory.java:595)
	... 28 common frames omitted
Caused by: org.springframework.beans.factory.NoSuchBeanDefinitionException: No bean named 'org.springframework.context.annotation.ConfigurationClassPostProcessor.importRegistry' available
	at org.springframework.beans.factory.support.DefaultListableBeanFactory.getBeanDefinition(DefaultListableBeanFactory.java:814)
	at org.springframework.beans.factory.support.AbstractBeanFactory.getMergedLocalBeanDefinition(AbstractBeanFactory.java:1282)
	at org.springframework.beans.factory.support.AbstractBeanFactory.doGetBean(AbstractBeanFactory.java:297)
	at org.springframework.beans.factory.support.AbstractBeanFactory.getBean(AbstractBeanFactory.java:207)
	at org.springframework.context.annotation.ConfigurationClassPostProcessor$ImportAwareBeanPostProcessor.postProcessBeforeInitialization(ConfigurationClassPostProcessor.java:456)
	at org.springframework.beans.factory.support.AbstractAutowireCapableBeanFactory.applyBeanPostProcessorsBeforeInitialization(AbstractAutowireCapableBeanFactory.java:416)
	at org.springframework.beans.factory.support.AbstractAutowireCapableBeanFactory.initializeBean(AbstractAutowireCapableBeanFactory.java:1788)
	at org.springframework.beans.factory.support.AbstractAutowireCapableBeanFactory.doCreateBean(AbstractAutowireCapableBeanFactory.java:595)
	... 51 common frames omitted
2020-06-05 17:23:32 [main] INFO  com.wisesoft.cdfyshow.CdfyShowApplication - Starting CdfyShowApplication on DESKTOP-6GTNQMT with PID 12584 (E:\cdzs-workspace\com.wisesoft.cdfyshow\target\classes started by lenovo in E:\cdzs-workspace\com.wisesoft.cdfyshow)
2020-06-05 17:23:32 [main] INFO  com.wisesoft.cdfyshow.CdfyShowApplication - The following profiles are active: test
2020-06-05 17:24:03 [main] INFO  com.wisesoft.cdfyshow.CdfyShowApplication - Starting CdfyShowApplication on DESKTOP-6GTNQMT with PID 7632 (E:\cdzs-workspace\com.wisesoft.cdfyshow\target\classes started by lenovo in E:\cdzs-workspace\com.wisesoft.cdfyshow)
2020-06-05 17:24:03 [main] INFO  com.wisesoft.cdfyshow.CdfyShowApplication - The following profiles are active: test
2020-06-05 17:24:08 [main] INFO  o.s.boot.web.embedded.tomcat.TomcatWebServer - Tomcat initialized with port(s): 17777 (http)
2020-06-05 17:24:08 [main] INFO  org.apache.coyote.http11.Http11NioProtocol - Initializing ProtocolHandler ["http-nio-17777"]
2020-06-05 17:24:08 [main] INFO  org.apache.catalina.core.StandardService - Starting service [Tomcat]
2020-06-05 17:24:08 [main] INFO  org.apache.catalina.core.StandardEngine - Starting Servlet engine: [Apache Tomcat/9.0.35]
2020-06-05 17:24:08 [main] INFO  o.a.c.c.C.[Tomcat].[localhost].[/cdfyshow] - Initializing Spring embedded WebApplicationContext
2020-06-05 17:24:08 [main] INFO  org.springframework.web.context.ContextLoader - Root WebApplicationContext: initialization completed in 5338 ms
2020-06-05 17:24:12 [main] INFO  o.s.scheduling.concurrent.ThreadPoolTaskExecutor - Initializing ExecutorService 'applicationTaskExecutor'
2020-06-05 17:24:13 [main] INFO  org.apache.coyote.http11.Http11NioProtocol - Starting ProtocolHandler ["http-nio-17777"]
2020-06-05 17:24:13 [main] INFO  o.s.boot.web.embedded.tomcat.TomcatWebServer - Tomcat started on port(s): 17777 (http) with context path '/cdfyshow'
2020-06-05 17:24:13 [main] INFO  com.wisesoft.cdfyshow.CdfyShowApplication - Started CdfyShowApplication in 13.515 seconds (JVM running for 17.418)
2020-06-05 17:24:20 [http-nio-17777-exec-1] INFO  o.a.c.c.C.[Tomcat].[localhost].[/cdfyshow] - Initializing Spring DispatcherServlet 'dispatcherServlet'
2020-06-05 17:24:20 [http-nio-17777-exec-1] INFO  org.springframework.web.servlet.DispatcherServlet - Initializing Servlet 'dispatcherServlet'
2020-06-05 17:24:20 [http-nio-17777-exec-1] INFO  org.springframework.web.servlet.DispatcherServlet - Completed initialization in 84 ms
2020-06-05 17:37:56 [SpringContextShutdownHook] INFO  o.s.scheduling.concurrent.ThreadPoolTaskExecutor - Shutting down ExecutorService 'applicationTaskExecutor'
