2020-06-03 16:05:23 [restartedMain] INFO  com.wisesoft.cdfyshow.CdfyShowApplication - Starting CdfyShowApplication on DESKTOP-6GTNQMT with PID 6072 (E:\cdzs-workspace\com.wisesoft.cdfyshow\target\classes started by lenovo in E:\cdzs-workspace\com.wisesoft.cdfyshow)
2020-06-03 16:05:23 [restartedMain] INFO  com.wisesoft.cdfyshow.CdfyShowApplication - The following profiles are active: dev
2020-06-03 16:05:24 [restartedMain] INFO  o.s.b.d.env.DevToolsPropertyDefaultsPostProcessor - Devtools property defaults active! Set 'spring.devtools.add-properties' to 'false' to disable
2020-06-03 16:05:24 [restartedMain] INFO  o.s.b.d.env.DevToolsPropertyDefaultsPostProcessor - For additional web related logging consider setting the 'logging.level.web' property to 'DEBUG'
2020-06-03 16:05:59 [restartedMain] INFO  o.s.boot.web.embedded.tomcat.TomcatWebServer - Tomcat initialized with port(s): 8080 (http)
2020-06-03 16:06:00 [restartedMain] INFO  org.apache.coyote.http11.Http11NioProtocol - Initializing ProtocolHandler ["http-nio-8080"]
2020-06-03 16:06:00 [restartedMain] INFO  org.apache.catalina.core.StandardService - Starting service [Tomcat]
2020-06-03 16:06:00 [restartedMain] INFO  org.apache.catalina.core.StandardEngine - Starting Servlet engine: [Apache Tomcat/9.0.35]
2020-06-03 16:06:18 [restartedMain] INFO  o.a.c.c.C.[Tomcat].[localhost].[/cdfyshow] - Initializing Spring embedded WebApplicationContext
2020-06-03 16:06:18 [restartedMain] INFO  org.springframework.web.context.ContextLoader - Root WebApplicationContext: initialization completed in 54017 ms
2020-06-03 16:06:51 [restartedMain] INFO  o.s.scheduling.concurrent.ThreadPoolTaskExecutor - Initializing ExecutorService 'applicationTaskExecutor'
2020-06-03 16:06:55 [restartedMain] INFO  o.s.b.d.autoconfigure.OptionalLiveReloadServer - LiveReload server is running on port 35729
2020-06-03 16:06:55 [restartedMain] INFO  org.apache.coyote.http11.Http11NioProtocol - Starting ProtocolHandler ["http-nio-8080"]
2020-06-03 16:06:55 [restartedMain] INFO  o.s.boot.web.embedded.tomcat.TomcatWebServer - Tomcat started on port(s): 8080 (http) with context path '/cdfyshow'
2020-06-03 16:06:56 [restartedMain] INFO  com.wisesoft.cdfyshow.CdfyShowApplication - Started CdfyShowApplication in 100.821 seconds (JVM running for 109.122)
2020-06-03 16:09:24 [http-nio-8080-exec-2] INFO  o.a.c.c.C.[Tomcat].[localhost].[/cdfyshow] - Initializing Spring DispatcherServlet 'dispatcherServlet'
2020-06-03 16:09:24 [http-nio-8080-exec-2] INFO  org.springframework.web.servlet.DispatcherServlet - Initializing Servlet 'dispatcherServlet'
2020-06-03 16:09:24 [http-nio-8080-exec-2] INFO  org.springframework.web.servlet.DispatcherServlet - Completed initialization in 69 ms
2020-06-03 16:09:25 [http-nio-8080-exec-2] INFO  com.alibaba.druid.pool.DruidDataSource - {dataSource-1} inited
2020-06-03 16:26:02 [Thread-186] INFO  o.s.scheduling.concurrent.ThreadPoolTaskExecutor - Shutting down ExecutorService 'applicationTaskExecutor'
2020-06-03 16:26:02 [Thread-186] INFO  com.alibaba.druid.pool.DruidDataSource - {dataSource-1} closed
2020-06-03 16:26:02 [restartedMain] INFO  com.wisesoft.cdfyshow.CdfyShowApplication - Starting CdfyShowApplication on DESKTOP-6GTNQMT with PID 6072 (E:\cdzs-workspace\com.wisesoft.cdfyshow\target\classes started by lenovo in E:\cdzs-workspace\com.wisesoft.cdfyshow)
2020-06-03 16:26:02 [restartedMain] INFO  com.wisesoft.cdfyshow.CdfyShowApplication - The following profiles are active: dev
2020-06-03 16:26:03 [restartedMain] WARN  o.s.b.w.s.c.AnnotationConfigServletWebServerApplicationContext - Exception encountered during context initialization - cancelling refresh attempt: org.springframework.beans.factory.BeanDefinitionStoreException: Failed to parse configuration class [com.wisesoft.cdfyshow.CdfyShowApplication]; nested exception is java.io.FileNotFoundException: class path resource [com/wisesoft/cdfyshow/service/DataService.class] cannot be opened because it does not exist
2020-06-03 16:26:40 [restartedMain] INFO  com.wisesoft.cdfyshow.CdfyShowApplication - Starting CdfyShowApplication on DESKTOP-6GTNQMT with PID 6072 (E:\cdzs-workspace\com.wisesoft.cdfyshow\target\classes started by lenovo in E:\cdzs-workspace\com.wisesoft.cdfyshow)
2020-06-03 16:26:40 [restartedMain] INFO  com.wisesoft.cdfyshow.CdfyShowApplication - The following profiles are active: dev
2020-06-03 16:26:42 [restartedMain] INFO  o.s.boot.web.embedded.tomcat.TomcatWebServer - Tomcat initialized with port(s): 8080 (http)
2020-06-03 16:26:42 [restartedMain] INFO  org.apache.coyote.http11.Http11NioProtocol - Initializing ProtocolHandler ["http-nio-8080"]
2020-06-03 16:26:42 [restartedMain] INFO  org.apache.catalina.core.StandardService - Starting service [Tomcat]
2020-06-03 16:26:42 [restartedMain] INFO  org.apache.catalina.core.StandardEngine - Starting Servlet engine: [Apache Tomcat/9.0.35]
2020-06-03 16:26:43 [restartedMain] INFO  o.a.c.c.C.[Tomcat].[localhost].[/cdfyshow] - Initializing Spring embedded WebApplicationContext
2020-06-03 16:26:43 [restartedMain] INFO  org.springframework.web.context.ContextLoader - Root WebApplicationContext: initialization completed in 2150 ms
2020-06-03 16:26:44 [restartedMain] INFO  o.s.scheduling.concurrent.ThreadPoolTaskExecutor - Initializing ExecutorService 'applicationTaskExecutor'
2020-06-03 16:26:44 [restartedMain] INFO  o.s.b.d.autoconfigure.OptionalLiveReloadServer - LiveReload server is running on port 35729
2020-06-03 16:26:44 [restartedMain] INFO  org.apache.coyote.http11.Http11NioProtocol - Starting ProtocolHandler ["http-nio-8080"]
2020-06-03 16:26:44 [restartedMain] INFO  o.s.boot.web.embedded.tomcat.TomcatWebServer - Tomcat started on port(s): 8080 (http) with context path '/cdfyshow'
2020-06-03 16:26:45 [restartedMain] INFO  com.wisesoft.cdfyshow.CdfyShowApplication - Started CdfyShowApplication in 4.341 seconds (JVM running for 1298.133)
2020-06-03 16:26:45 [restartedMain] INFO  o.s.b.d.a.ConditionEvaluationDeltaLoggingListener - Condition evaluation unchanged
2020-06-03 16:32:24 [SpringContextShutdownHook] INFO  o.s.scheduling.concurrent.ThreadPoolTaskExecutor - Shutting down ExecutorService 'applicationTaskExecutor'
2020-06-03 16:32:58 [restartedMain] INFO  com.wisesoft.cdfyshow.CdfyShowApplication - Starting CdfyShowApplication on DESKTOP-6GTNQMT with PID 8164 (E:\cdzs-workspace\com.wisesoft.cdfyshow\target\classes started by lenovo in E:\cdzs-workspace\com.wisesoft.cdfyshow)
2020-06-03 16:32:58 [restartedMain] INFO  com.wisesoft.cdfyshow.CdfyShowApplication - The following profiles are active: dev
2020-06-03 16:32:59 [restartedMain] INFO  o.s.b.d.env.DevToolsPropertyDefaultsPostProcessor - Devtools property defaults active! Set 'spring.devtools.add-properties' to 'false' to disable
2020-06-03 16:32:59 [restartedMain] INFO  o.s.b.d.env.DevToolsPropertyDefaultsPostProcessor - For additional web related logging consider setting the 'logging.level.web' property to 'DEBUG'
2020-06-03 16:33:09 [restartedMain] INFO  o.s.boot.web.embedded.tomcat.TomcatWebServer - Tomcat initialized with port(s): 8080 (http)
2020-06-03 16:33:09 [restartedMain] INFO  org.apache.coyote.http11.Http11NioProtocol - Initializing ProtocolHandler ["http-nio-8080"]
2020-06-03 16:33:09 [restartedMain] INFO  org.apache.catalina.core.StandardService - Starting service [Tomcat]
2020-06-03 16:33:09 [restartedMain] INFO  org.apache.catalina.core.StandardEngine - Starting Servlet engine: [Apache Tomcat/9.0.35]
2020-06-03 16:33:10 [restartedMain] INFO  o.a.c.c.C.[Tomcat].[localhost].[/cdfyshow] - Initializing Spring embedded WebApplicationContext
2020-06-03 16:33:10 [restartedMain] INFO  org.springframework.web.context.ContextLoader - Root WebApplicationContext: initialization completed in 11194 ms
2020-06-03 16:33:20 [restartedMain] INFO  o.s.scheduling.concurrent.ThreadPoolTaskExecutor - Initializing ExecutorService 'applicationTaskExecutor'
2020-06-03 16:33:22 [restartedMain] INFO  o.s.b.d.autoconfigure.OptionalLiveReloadServer - LiveReload server is running on port 35729
2020-06-03 16:33:22 [restartedMain] INFO  org.apache.coyote.http11.Http11NioProtocol - Starting ProtocolHandler ["http-nio-8080"]
2020-06-03 16:33:22 [restartedMain] INFO  o.s.boot.web.embedded.tomcat.TomcatWebServer - Tomcat started on port(s): 8080 (http) with context path '/cdfyshow'
2020-06-03 16:33:23 [restartedMain] INFO  com.wisesoft.cdfyshow.CdfyShowApplication - Started CdfyShowApplication in 28.887 seconds (JVM running for 35.552)
2020-06-03 16:33:32 [http-nio-8080-exec-1] INFO  o.a.c.c.C.[Tomcat].[localhost].[/cdfyshow] - Initializing Spring DispatcherServlet 'dispatcherServlet'
2020-06-03 16:33:32 [http-nio-8080-exec-1] INFO  org.springframework.web.servlet.DispatcherServlet - Initializing Servlet 'dispatcherServlet'
2020-06-03 16:33:32 [http-nio-8080-exec-1] INFO  org.springframework.web.servlet.DispatcherServlet - Completed initialization in 154 ms
2020-06-03 16:33:33 [http-nio-8080-exec-1] INFO  com.alibaba.druid.pool.DruidDataSource - {dataSource-1} inited
2020-06-03 16:33:35 [http-nio-8080-exec-1] WARN  o.s.w.s.m.m.a.ExceptionHandlerExceptionResolver - Resolved [org.springframework.dao.TransientDataAccessResourceException: StatementCallback; SQL []; Can not issue empty query.; nested exception is java.sql.SQLException: Can not issue empty query.]
2020-06-03 16:34:05 [SpringContextShutdownHook] INFO  o.s.scheduling.concurrent.ThreadPoolTaskExecutor - Shutting down ExecutorService 'applicationTaskExecutor'
2020-06-03 16:34:05 [SpringContextShutdownHook] INFO  com.alibaba.druid.pool.DruidDataSource - {dataSource-1} closed
2020-06-03 16:36:39 [restartedMain] INFO  com.wisesoft.cdfyshow.CdfyShowApplication - Starting CdfyShowApplication on DESKTOP-6GTNQMT with PID 5944 (E:\cdzs-workspace\com.wisesoft.cdfyshow\target\classes started by lenovo in E:\cdzs-workspace\com.wisesoft.cdfyshow)
2020-06-03 16:36:39 [restartedMain] INFO  com.wisesoft.cdfyshow.CdfyShowApplication - The following profiles are active: dev
2020-06-03 16:36:39 [restartedMain] INFO  o.s.b.d.env.DevToolsPropertyDefaultsPostProcessor - Devtools property defaults active! Set 'spring.devtools.add-properties' to 'false' to disable
2020-06-03 16:36:39 [restartedMain] INFO  o.s.b.d.env.DevToolsPropertyDefaultsPostProcessor - For additional web related logging consider setting the 'logging.level.web' property to 'DEBUG'
2020-06-03 16:36:47 [restartedMain] INFO  o.s.boot.web.embedded.tomcat.TomcatWebServer - Tomcat initialized with port(s): 8080 (http)
2020-06-03 16:36:47 [restartedMain] INFO  org.apache.coyote.http11.Http11NioProtocol - Initializing ProtocolHandler ["http-nio-8080"]
2020-06-03 16:36:47 [restartedMain] INFO  org.apache.catalina.core.StandardService - Starting service [Tomcat]
2020-06-03 16:36:47 [restartedMain] INFO  org.apache.catalina.core.StandardEngine - Starting Servlet engine: [Apache Tomcat/9.0.35]
2020-06-03 16:36:47 [restartedMain] INFO  o.a.c.c.C.[Tomcat].[localhost].[/cdfyshow] - Initializing Spring embedded WebApplicationContext
2020-06-03 16:36:47 [restartedMain] INFO  org.springframework.web.context.ContextLoader - Root WebApplicationContext: initialization completed in 8215 ms
2020-06-03 16:36:51 [restartedMain] INFO  o.s.scheduling.concurrent.ThreadPoolTaskExecutor - Initializing ExecutorService 'applicationTaskExecutor'
2020-06-03 16:36:52 [restartedMain] INFO  o.s.b.d.autoconfigure.OptionalLiveReloadServer - LiveReload server is running on port 35729
2020-06-03 16:36:52 [restartedMain] INFO  org.apache.coyote.http11.Http11NioProtocol - Starting ProtocolHandler ["http-nio-8080"]
2020-06-03 16:36:52 [restartedMain] INFO  o.s.boot.web.embedded.tomcat.TomcatWebServer - Tomcat started on port(s): 8080 (http) with context path '/cdfyshow'
2020-06-03 16:36:52 [restartedMain] INFO  com.wisesoft.cdfyshow.CdfyShowApplication - Started CdfyShowApplication in 15.179 seconds (JVM running for 19.564)
2020-06-03 16:37:03 [http-nio-8080-exec-1] INFO  o.a.c.c.C.[Tomcat].[localhost].[/cdfyshow] - Initializing Spring DispatcherServlet 'dispatcherServlet'
2020-06-03 16:37:03 [http-nio-8080-exec-1] INFO  org.springframework.web.servlet.DispatcherServlet - Initializing Servlet 'dispatcherServlet'
2020-06-03 16:37:03 [http-nio-8080-exec-1] INFO  org.springframework.web.servlet.DispatcherServlet - Completed initialization in 136 ms
2020-06-03 16:37:04 [http-nio-8080-exec-1] INFO  com.alibaba.druid.pool.DruidDataSource - {dataSource-1} inited
2020-06-03 16:41:34 [Thread-200] INFO  o.s.scheduling.concurrent.ThreadPoolTaskExecutor - Shutting down ExecutorService 'applicationTaskExecutor'
2020-06-03 16:41:34 [Thread-200] INFO  com.alibaba.druid.pool.DruidDataSource - {dataSource-1} closed
2020-06-03 16:41:34 [restartedMain] INFO  com.wisesoft.cdfyshow.CdfyShowApplication - Starting CdfyShowApplication on DESKTOP-6GTNQMT with PID 5944 (E:\cdzs-workspace\com.wisesoft.cdfyshow\target\classes started by lenovo in E:\cdzs-workspace\com.wisesoft.cdfyshow)
2020-06-03 16:41:34 [restartedMain] INFO  com.wisesoft.cdfyshow.CdfyShowApplication - The following profiles are active: dev
2020-06-03 16:41:38 [restartedMain] INFO  o.s.boot.web.embedded.tomcat.TomcatWebServer - Tomcat initialized with port(s): 8080 (http)
2020-06-03 16:41:38 [restartedMain] INFO  org.apache.coyote.http11.Http11NioProtocol - Initializing ProtocolHandler ["http-nio-8080"]
2020-06-03 16:41:38 [restartedMain] INFO  org.apache.catalina.core.StandardService - Starting service [Tomcat]
2020-06-03 16:41:38 [restartedMain] INFO  org.apache.catalina.core.StandardEngine - Starting Servlet engine: [Apache Tomcat/9.0.35]
2020-06-03 16:41:38 [restartedMain] INFO  o.a.c.c.C.[Tomcat].[localhost].[/cdfyshow] - Initializing Spring embedded WebApplicationContext
2020-06-03 16:41:38 [restartedMain] INFO  org.springframework.web.context.ContextLoader - Root WebApplicationContext: initialization completed in 3737 ms
2020-06-03 16:41:39 [restartedMain] WARN  o.s.b.w.s.c.AnnotationConfigServletWebServerApplicationContext - Exception encountered during context initialization - cancelling refresh attempt: org.springframework.beans.factory.UnsatisfiedDependencyException: Error creating bean with name 'dataController': Unsatisfied dependency expressed through field 'dataService'; nested exception is org.springframework.beans.factory.NoSuchBeanDefinitionException: No qualifying bean of type 'com.wisesoft.cdfyshow.service.DataService' available: expected at least 1 bean which qualifies as autowire candidate. Dependency annotations: {@org.springframework.beans.factory.annotation.Autowired(required=true)}
2020-06-03 16:41:39 [restartedMain] INFO  org.apache.catalina.core.StandardService - Stopping service [Tomcat]
2020-06-03 16:41:39 [restartedMain] INFO  o.s.b.a.l.ConditionEvaluationReportLoggingListener - 

Error starting ApplicationContext. To display the conditions report re-run your application with 'debug' enabled.
2020-06-03 16:41:40 [restartedMain] WARN  org.springframework.boot.SpringApplication - Unable to close ApplicationContext
org.springframework.beans.factory.BeanCreationException: Error creating bean with name 'org.springframework.boot.autoconfigure.admin.SpringApplicationAdminJmxAutoConfiguration': Initialization of bean failed; nested exception is org.springframework.beans.factory.BeanCreationException: Error creating bean with name 'org.springframework.transaction.annotation.ProxyTransactionManagementConfiguration': Initialization of bean failed; nested exception is org.springframework.beans.factory.NoSuchBeanDefinitionException: No bean named 'org.springframework.context.annotation.ConfigurationClassPostProcessor.importRegistry' available
	at org.springframework.beans.factory.support.AbstractAutowireCapableBeanFactory.doCreateBean(AbstractAutowireCapableBeanFactory.java:603)
	at org.springframework.beans.factory.support.AbstractAutowireCapableBeanFactory.createBean(AbstractAutowireCapableBeanFactory.java:517)
	at org.springframework.beans.factory.support.AbstractBeanFactory.lambda$doGetBean$0(AbstractBeanFactory.java:323)
	at org.springframework.beans.factory.support.DefaultSingletonBeanRegistry.getSingleton(DefaultSingletonBeanRegistry.java:226)
	at org.springframework.beans.factory.support.AbstractBeanFactory.doGetBean(AbstractBeanFactory.java:321)
	at org.springframework.beans.factory.support.AbstractBeanFactory.getBean(AbstractBeanFactory.java:202)
	at org.springframework.beans.factory.support.ConstructorResolver.instantiateUsingFactoryMethod(ConstructorResolver.java:409)
	at org.springframework.beans.factory.support.AbstractAutowireCapableBeanFactory.instantiateUsingFactoryMethod(AbstractAutowireCapableBeanFactory.java:1338)
	at org.springframework.beans.factory.support.AbstractAutowireCapableBeanFactory.createBeanInstance(AbstractAutowireCapableBeanFactory.java:1177)
	at org.springframework.beans.factory.support.AbstractAutowireCapableBeanFactory.doCreateBean(AbstractAutowireCapableBeanFactory.java:557)
	at org.springframework.beans.factory.support.AbstractAutowireCapableBeanFactory.createBean(AbstractAutowireCapableBeanFactory.java:517)
	at org.springframework.beans.factory.support.AbstractBeanFactory.lambda$doGetBean$0(AbstractBeanFactory.java:323)
	at org.springframework.beans.factory.support.DefaultSingletonBeanRegistry.getSingleton(DefaultSingletonBeanRegistry.java:226)
	at org.springframework.beans.factory.support.AbstractBeanFactory.doGetBean(AbstractBeanFactory.java:321)
	at org.springframework.beans.factory.support.AbstractBeanFactory.getBean(AbstractBeanFactory.java:207)
	at org.springframework.context.event.AbstractApplicationEventMulticaster.retrieveApplicationListeners(AbstractApplicationEventMulticaster.java:245)
	at org.springframework.context.event.AbstractApplicationEventMulticaster.getApplicationListeners(AbstractApplicationEventMulticaster.java:197)
	at org.springframework.context.event.SimpleApplicationEventMulticaster.multicastEvent(SimpleApplicationEventMulticaster.java:134)
	at org.springframework.context.support.AbstractApplicationContext.publishEvent(AbstractApplicationContext.java:403)
	at org.springframework.context.support.AbstractApplicationContext.publishEvent(AbstractApplicationContext.java:360)
	at org.springframework.boot.availability.AvailabilityChangeEvent.publish(AvailabilityChangeEvent.java:81)
	at org.springframework.boot.availability.AvailabilityChangeEvent.publish(AvailabilityChangeEvent.java:67)
	at org.springframework.boot.web.servlet.context.ServletWebServerApplicationContext.doClose(ServletWebServerApplicationContext.java:167)
	at org.springframework.context.support.AbstractApplicationContext.close(AbstractApplicationContext.java:978)
	at org.springframework.boot.SpringApplication.handleRunFailure(SpringApplication.java:814)
	at org.springframework.boot.SpringApplication.run(SpringApplication.java:325)
	at org.springframework.boot.SpringApplication.run(SpringApplication.java:1237)
	at org.springframework.boot.SpringApplication.run(SpringApplication.java:1226)
	at com.wisesoft.cdfyshow.CdfyShowApplication.main(CdfyShowApplication.java:10)
	at sun.reflect.NativeMethodAccessorImpl.invoke0(Native Method)
	at sun.reflect.NativeMethodAccessorImpl.invoke(NativeMethodAccessorImpl.java:62)
	at sun.reflect.DelegatingMethodAccessorImpl.invoke(DelegatingMethodAccessorImpl.java:43)
	at java.lang.reflect.Method.invoke(Method.java:498)
	at org.springframework.boot.devtools.restart.RestartLauncher.run(RestartLauncher.java:49)
Caused by: org.springframework.beans.factory.BeanCreationException: Error creating bean with name 'org.springframework.transaction.annotation.ProxyTransactionManagementConfiguration': Initialization of bean failed; nested exception is org.springframework.beans.factory.NoSuchBeanDefinitionException: No bean named 'org.springframework.context.annotation.ConfigurationClassPostProcessor.importRegistry' available
	at org.springframework.beans.factory.support.AbstractAutowireCapableBeanFactory.doCreateBean(AbstractAutowireCapableBeanFactory.java:603)
	at org.springframework.beans.factory.support.AbstractAutowireCapableBeanFactory.createBean(AbstractAutowireCapableBeanFactory.java:517)
	at org.springframework.beans.factory.support.AbstractBeanFactory.lambda$doGetBean$0(AbstractBeanFactory.java:323)
	at org.springframework.beans.factory.support.DefaultSingletonBeanRegistry.getSingleton(DefaultSingletonBeanRegistry.java:226)
	at org.springframework.beans.factory.support.AbstractBeanFactory.doGetBean(AbstractBeanFactory.java:321)
	at org.springframework.beans.factory.support.AbstractBeanFactory.getBean(AbstractBeanFactory.java:202)
	at org.springframework.beans.factory.support.ConstructorResolver.instantiateUsingFactoryMethod(ConstructorResolver.java:409)
	at org.springframework.beans.factory.support.AbstractAutowireCapableBeanFactory.instantiateUsingFactoryMethod(AbstractAutowireCapableBeanFactory.java:1338)
	at org.springframework.beans.factory.support.AbstractAutowireCapableBeanFactory.createBeanInstance(AbstractAutowireCapableBeanFactory.java:1177)
	at org.springframework.beans.factory.support.AbstractAutowireCapableBeanFactory.doCreateBean(AbstractAutowireCapableBeanFactory.java:557)
	at org.springframework.beans.factory.support.AbstractAutowireCapableBeanFactory.createBean(AbstractAutowireCapableBeanFactory.java:517)
	at org.springframework.beans.factory.support.AbstractBeanFactory.lambda$doGetBean$0(AbstractBeanFactory.java:323)
	at org.springframework.beans.factory.support.DefaultSingletonBeanRegistry.getSingleton(DefaultSingletonBeanRegistry.java:226)
	at org.springframework.beans.factory.support.AbstractBeanFactory.doGetBean(AbstractBeanFactory.java:321)
	at org.springframework.beans.factory.support.AbstractBeanFactory.getBean(AbstractBeanFactory.java:207)
	at org.springframework.aop.framework.autoproxy.BeanFactoryAdvisorRetrievalHelper.findAdvisorBeans(BeanFactoryAdvisorRetrievalHelper.java:91)
	at org.springframework.aop.framework.autoproxy.AbstractAdvisorAutoProxyCreator.findCandidateAdvisors(AbstractAdvisorAutoProxyCreator.java:109)
	at org.springframework.aop.framework.autoproxy.AbstractAdvisorAutoProxyCreator.findEligibleAdvisors(AbstractAdvisorAutoProxyCreator.java:94)
	at org.springframework.aop.framework.autoproxy.AbstractAdvisorAutoProxyCreator.getAdvicesAndAdvisorsForBean(AbstractAdvisorAutoProxyCreator.java:76)
	at org.springframework.aop.framework.autoproxy.AbstractAutoProxyCreator.wrapIfNecessary(AbstractAutoProxyCreator.java:347)
	at org.springframework.aop.framework.autoproxy.AbstractAutoProxyCreator.postProcessAfterInitialization(AbstractAutoProxyCreator.java:299)
	at org.springframework.beans.factory.support.AbstractAutowireCapableBeanFactory.applyBeanPostProcessorsAfterInitialization(AbstractAutowireCapableBeanFactory.java:431)
	at org.springframework.beans.factory.support.AbstractAutowireCapableBeanFactory.initializeBean(AbstractAutowireCapableBeanFactory.java:1800)
	at org.springframework.beans.factory.support.AbstractAutowireCapableBeanFactory.doCreateBean(AbstractAutowireCapableBeanFactory.java:595)
	... 33 common frames omitted
Caused by: org.springframework.beans.factory.NoSuchBeanDefinitionException: No bean named 'org.springframework.context.annotation.ConfigurationClassPostProcessor.importRegistry' available
	at org.springframework.beans.factory.support.DefaultListableBeanFactory.getBeanDefinition(DefaultListableBeanFactory.java:814)
	at org.springframework.beans.factory.support.AbstractBeanFactory.getMergedLocalBeanDefinition(AbstractBeanFactory.java:1282)
	at org.springframework.beans.factory.support.AbstractBeanFactory.doGetBean(AbstractBeanFactory.java:297)
	at org.springframework.beans.factory.support.AbstractBeanFactory.getBean(AbstractBeanFactory.java:207)
	at org.springframework.context.annotation.ConfigurationClassPostProcessor$ImportAwareBeanPostProcessor.postProcessBeforeInitialization(ConfigurationClassPostProcessor.java:456)
	at org.springframework.beans.factory.support.AbstractAutowireCapableBeanFactory.applyBeanPostProcessorsBeforeInitialization(AbstractAutowireCapableBeanFactory.java:416)
	at org.springframework.beans.factory.support.AbstractAutowireCapableBeanFactory.initializeBean(AbstractAutowireCapableBeanFactory.java:1788)
	at org.springframework.beans.factory.support.AbstractAutowireCapableBeanFactory.doCreateBean(AbstractAutowireCapableBeanFactory.java:595)
	... 56 common frames omitted
2020-06-03 16:47:06 [restartedMain] INFO  com.wisesoft.cdfyshow.CdfyShowApplication - Starting CdfyShowApplication on DESKTOP-6GTNQMT with PID 5944 (E:\cdzs-workspace\com.wisesoft.cdfyshow\target\classes started by lenovo in E:\cdzs-workspace\com.wisesoft.cdfyshow)
2020-06-03 16:47:06 [restartedMain] INFO  com.wisesoft.cdfyshow.CdfyShowApplication - The following profiles are active: dev
2020-06-03 16:47:09 [restartedMain] INFO  o.s.boot.web.embedded.tomcat.TomcatWebServer - Tomcat initialized with port(s): 8080 (http)
2020-06-03 16:47:09 [restartedMain] INFO  org.apache.coyote.http11.Http11NioProtocol - Initializing ProtocolHandler ["http-nio-8080"]
2020-06-03 16:47:09 [restartedMain] INFO  org.apache.catalina.core.StandardService - Starting service [Tomcat]
2020-06-03 16:47:09 [restartedMain] INFO  org.apache.catalina.core.StandardEngine - Starting Servlet engine: [Apache Tomcat/9.0.35]
2020-06-03 16:47:09 [restartedMain] INFO  o.a.c.c.C.[Tomcat-1].[localhost].[/cdfyshow] - Initializing Spring embedded WebApplicationContext
2020-06-03 16:47:09 [restartedMain] INFO  org.springframework.web.context.ContextLoader - Root WebApplicationContext: initialization completed in 3277 ms
2020-06-03 16:47:11 [restartedMain] INFO  o.s.scheduling.concurrent.ThreadPoolTaskExecutor - Initializing ExecutorService 'applicationTaskExecutor'
2020-06-03 16:47:12 [restartedMain] INFO  o.s.b.d.autoconfigure.OptionalLiveReloadServer - LiveReload server is running on port 35729
2020-06-03 16:47:12 [restartedMain] INFO  org.apache.coyote.http11.Http11NioProtocol - Starting ProtocolHandler ["http-nio-8080"]
2020-06-03 16:47:12 [restartedMain] INFO  o.s.boot.web.embedded.tomcat.TomcatWebServer - Tomcat started on port(s): 8080 (http) with context path '/cdfyshow'
2020-06-03 16:47:13 [restartedMain] INFO  com.wisesoft.cdfyshow.CdfyShowApplication - Started CdfyShowApplication in 7.037 seconds (JVM running for 640.014)
2020-06-03 16:47:13 [restartedMain] INFO  o.s.b.d.a.ConditionEvaluationDeltaLoggingListener - Condition evaluation unchanged
2020-06-03 16:47:16 [Thread-208] INFO  o.s.scheduling.concurrent.ThreadPoolTaskExecutor - Shutting down ExecutorService 'applicationTaskExecutor'
2020-06-03 16:47:17 [restartedMain] INFO  com.wisesoft.cdfyshow.CdfyShowApplication - Starting CdfyShowApplication on DESKTOP-6GTNQMT with PID 5944 (E:\cdzs-workspace\com.wisesoft.cdfyshow\target\classes started by lenovo in E:\cdzs-workspace\com.wisesoft.cdfyshow)
2020-06-03 16:47:17 [restartedMain] INFO  com.wisesoft.cdfyshow.CdfyShowApplication - The following profiles are active: dev
2020-06-03 16:47:19 [restartedMain] INFO  o.s.boot.web.embedded.tomcat.TomcatWebServer - Tomcat initialized with port(s): 8080 (http)
2020-06-03 16:47:19 [restartedMain] INFO  org.apache.coyote.http11.Http11NioProtocol - Initializing ProtocolHandler ["http-nio-8080"]
2020-06-03 16:47:19 [restartedMain] INFO  org.apache.catalina.core.StandardService - Starting service [Tomcat]
2020-06-03 16:47:19 [restartedMain] INFO  org.apache.catalina.core.StandardEngine - Starting Servlet engine: [Apache Tomcat/9.0.35]
2020-06-03 16:47:19 [restartedMain] INFO  o.a.c.c.C.[Tomcat-1].[localhost].[/cdfyshow] - Initializing Spring embedded WebApplicationContext
2020-06-03 16:47:19 [restartedMain] INFO  org.springframework.web.context.ContextLoader - Root WebApplicationContext: initialization completed in 2276 ms
2020-06-03 16:47:20 [restartedMain] INFO  o.s.scheduling.concurrent.ThreadPoolTaskExecutor - Initializing ExecutorService 'applicationTaskExecutor'
2020-06-03 16:47:21 [restartedMain] WARN  o.s.b.w.s.c.AnnotationConfigServletWebServerApplicationContext - Exception encountered during context initialization - cancelling refresh attempt: org.springframework.beans.factory.BeanCreationException: Error creating bean with name 'requestMappingHandlerMapping' defined in class path resource [org/springframework/boot/autoconfigure/web/servlet/WebMvcAutoConfiguration$EnableWebMvcConfiguration.class]: Invocation of init method failed; nested exception is java.lang.IllegalStateException: Ambiguous mapping. Cannot map 'dataController' method 
com.wisesoft.cdfyshow.controller.DataController#leftScale()
to {GET /data/leftRectScale}: There is already 'dataController' bean method
com.wisesoft.cdfyshow.controller.DataController#leftRectScale() mapped.
2020-06-03 16:47:21 [restartedMain] INFO  o.s.scheduling.concurrent.ThreadPoolTaskExecutor - Shutting down ExecutorService 'applicationTaskExecutor'
2020-06-03 16:47:21 [restartedMain] INFO  org.apache.catalina.core.StandardService - Stopping service [Tomcat]
2020-06-03 16:47:21 [restartedMain] INFO  o.s.b.a.l.ConditionEvaluationReportLoggingListener - 

Error starting ApplicationContext. To display the conditions report re-run your application with 'debug' enabled.
2020-06-03 16:47:21 [restartedMain] WARN  org.springframework.boot.SpringApplication - Unable to close ApplicationContext
org.springframework.beans.factory.BeanCreationException: Error creating bean with name 'org.springframework.boot.autoconfigure.admin.SpringApplicationAdminJmxAutoConfiguration': Initialization of bean failed; nested exception is org.springframework.beans.factory.BeanCreationException: Error creating bean with name 'org.springframework.transaction.annotation.ProxyTransactionManagementConfiguration': Initialization of bean failed; nested exception is org.springframework.beans.factory.NoSuchBeanDefinitionException: No bean named 'org.springframework.context.annotation.ConfigurationClassPostProcessor.importRegistry' available
	at org.springframework.beans.factory.support.AbstractAutowireCapableBeanFactory.doCreateBean(AbstractAutowireCapableBeanFactory.java:603)
	at org.springframework.beans.factory.support.AbstractAutowireCapableBeanFactory.createBean(AbstractAutowireCapableBeanFactory.java:517)
	at org.springframework.beans.factory.support.AbstractBeanFactory.lambda$doGetBean$0(AbstractBeanFactory.java:323)
	at org.springframework.beans.factory.support.DefaultSingletonBeanRegistry.getSingleton(DefaultSingletonBeanRegistry.java:226)
	at org.springframework.beans.factory.support.AbstractBeanFactory.doGetBean(AbstractBeanFactory.java:321)
	at org.springframework.beans.factory.support.AbstractBeanFactory.getBean(AbstractBeanFactory.java:202)
	at org.springframework.beans.factory.support.ConstructorResolver.instantiateUsingFactoryMethod(ConstructorResolver.java:409)
	at org.springframework.beans.factory.support.AbstractAutowireCapableBeanFactory.instantiateUsingFactoryMethod(AbstractAutowireCapableBeanFactory.java:1338)
	at org.springframework.beans.factory.support.AbstractAutowireCapableBeanFactory.createBeanInstance(AbstractAutowireCapableBeanFactory.java:1177)
	at org.springframework.beans.factory.support.AbstractAutowireCapableBeanFactory.doCreateBean(AbstractAutowireCapableBeanFactory.java:557)
	at org.springframework.beans.factory.support.AbstractAutowireCapableBeanFactory.createBean(AbstractAutowireCapableBeanFactory.java:517)
	at org.springframework.beans.factory.support.AbstractBeanFactory.lambda$doGetBean$0(AbstractBeanFactory.java:323)
	at org.springframework.beans.factory.support.DefaultSingletonBeanRegistry.getSingleton(DefaultSingletonBeanRegistry.java:226)
	at org.springframework.beans.factory.support.AbstractBeanFactory.doGetBean(AbstractBeanFactory.java:321)
	at org.springframework.beans.factory.support.AbstractBeanFactory.getBean(AbstractBeanFactory.java:207)
	at org.springframework.context.event.AbstractApplicationEventMulticaster.retrieveApplicationListeners(AbstractApplicationEventMulticaster.java:245)
	at org.springframework.context.event.AbstractApplicationEventMulticaster.getApplicationListeners(AbstractApplicationEventMulticaster.java:197)
	at org.springframework.context.event.SimpleApplicationEventMulticaster.multicastEvent(SimpleApplicationEventMulticaster.java:134)
	at org.springframework.context.support.AbstractApplicationContext.publishEvent(AbstractApplicationContext.java:403)
	at org.springframework.context.support.AbstractApplicationContext.publishEvent(AbstractApplicationContext.java:360)
	at org.springframework.boot.availability.AvailabilityChangeEvent.publish(AvailabilityChangeEvent.java:81)
	at org.springframework.boot.availability.AvailabilityChangeEvent.publish(AvailabilityChangeEvent.java:67)
	at org.springframework.boot.web.servlet.context.ServletWebServerApplicationContext.doClose(ServletWebServerApplicationContext.java:167)
	at org.springframework.context.support.AbstractApplicationContext.close(AbstractApplicationContext.java:978)
	at org.springframework.boot.SpringApplication.handleRunFailure(SpringApplication.java:814)
	at org.springframework.boot.SpringApplication.run(SpringApplication.java:325)
	at org.springframework.boot.SpringApplication.run(SpringApplication.java:1237)
	at org.springframework.boot.SpringApplication.run(SpringApplication.java:1226)
	at com.wisesoft.cdfyshow.CdfyShowApplication.main(CdfyShowApplication.java:10)
	at sun.reflect.NativeMethodAccessorImpl.invoke0(Native Method)
	at sun.reflect.NativeMethodAccessorImpl.invoke(NativeMethodAccessorImpl.java:62)
	at sun.reflect.DelegatingMethodAccessorImpl.invoke(DelegatingMethodAccessorImpl.java:43)
	at java.lang.reflect.Method.invoke(Method.java:498)
	at org.springframework.boot.devtools.restart.RestartLauncher.run(RestartLauncher.java:49)
Caused by: org.springframework.beans.factory.BeanCreationException: Error creating bean with name 'org.springframework.transaction.annotation.ProxyTransactionManagementConfiguration': Initialization of bean failed; nested exception is org.springframework.beans.factory.NoSuchBeanDefinitionException: No bean named 'org.springframework.context.annotation.ConfigurationClassPostProcessor.importRegistry' available
	at org.springframework.beans.factory.support.AbstractAutowireCapableBeanFactory.doCreateBean(AbstractAutowireCapableBeanFactory.java:603)
	at org.springframework.beans.factory.support.AbstractAutowireCapableBeanFactory.createBean(AbstractAutowireCapableBeanFactory.java:517)
	at org.springframework.beans.factory.support.AbstractBeanFactory.lambda$doGetBean$0(AbstractBeanFactory.java:323)
	at org.springframework.beans.factory.support.DefaultSingletonBeanRegistry.getSingleton(DefaultSingletonBeanRegistry.java:226)
	at org.springframework.beans.factory.support.AbstractBeanFactory.doGetBean(AbstractBeanFactory.java:321)
	at org.springframework.beans.factory.support.AbstractBeanFactory.getBean(AbstractBeanFactory.java:202)
	at org.springframework.beans.factory.support.ConstructorResolver.instantiateUsingFactoryMethod(ConstructorResolver.java:409)
	at org.springframework.beans.factory.support.AbstractAutowireCapableBeanFactory.instantiateUsingFactoryMethod(AbstractAutowireCapableBeanFactory.java:1338)
	at org.springframework.beans.factory.support.AbstractAutowireCapableBeanFactory.createBeanInstance(AbstractAutowireCapableBeanFactory.java:1177)
	at org.springframework.beans.factory.support.AbstractAutowireCapableBeanFactory.doCreateBean(AbstractAutowireCapableBeanFactory.java:557)
	at org.springframework.beans.factory.support.AbstractAutowireCapableBeanFactory.createBean(AbstractAutowireCapableBeanFactory.java:517)
	at org.springframework.beans.factory.support.AbstractBeanFactory.lambda$doGetBean$0(AbstractBeanFactory.java:323)
	at org.springframework.beans.factory.support.DefaultSingletonBeanRegistry.getSingleton(DefaultSingletonBeanRegistry.java:226)
	at org.springframework.beans.factory.support.AbstractBeanFactory.doGetBean(AbstractBeanFactory.java:321)
	at org.springframework.beans.factory.support.AbstractBeanFactory.getBean(AbstractBeanFactory.java:207)
	at org.springframework.aop.framework.autoproxy.BeanFactoryAdvisorRetrievalHelper.findAdvisorBeans(BeanFactoryAdvisorRetrievalHelper.java:91)
	at org.springframework.aop.framework.autoproxy.AbstractAdvisorAutoProxyCreator.findCandidateAdvisors(AbstractAdvisorAutoProxyCreator.java:109)
	at org.springframework.aop.framework.autoproxy.AbstractAdvisorAutoProxyCreator.findEligibleAdvisors(AbstractAdvisorAutoProxyCreator.java:94)
	at org.springframework.aop.framework.autoproxy.AbstractAdvisorAutoProxyCreator.getAdvicesAndAdvisorsForBean(AbstractAdvisorAutoProxyCreator.java:76)
	at org.springframework.aop.framework.autoproxy.AbstractAutoProxyCreator.wrapIfNecessary(AbstractAutoProxyCreator.java:347)
	at org.springframework.aop.framework.autoproxy.AbstractAutoProxyCreator.postProcessAfterInitialization(AbstractAutoProxyCreator.java:299)
	at org.springframework.beans.factory.support.AbstractAutowireCapableBeanFactory.applyBeanPostProcessorsAfterInitialization(AbstractAutowireCapableBeanFactory.java:431)
	at org.springframework.beans.factory.support.AbstractAutowireCapableBeanFactory.initializeBean(AbstractAutowireCapableBeanFactory.java:1800)
	at org.springframework.beans.factory.support.AbstractAutowireCapableBeanFactory.doCreateBean(AbstractAutowireCapableBeanFactory.java:595)
	... 33 common frames omitted
Caused by: org.springframework.beans.factory.NoSuchBeanDefinitionException: No bean named 'org.springframework.context.annotation.ConfigurationClassPostProcessor.importRegistry' available
	at org.springframework.beans.factory.support.DefaultListableBeanFactory.getBeanDefinition(DefaultListableBeanFactory.java:814)
	at org.springframework.beans.factory.support.AbstractBeanFactory.getMergedLocalBeanDefinition(AbstractBeanFactory.java:1282)
	at org.springframework.beans.factory.support.AbstractBeanFactory.doGetBean(AbstractBeanFactory.java:297)
	at org.springframework.beans.factory.support.AbstractBeanFactory.getBean(AbstractBeanFactory.java:207)
	at org.springframework.context.annotation.ConfigurationClassPostProcessor$ImportAwareBeanPostProcessor.postProcessBeforeInitialization(ConfigurationClassPostProcessor.java:456)
	at org.springframework.beans.factory.support.AbstractAutowireCapableBeanFactory.applyBeanPostProcessorsBeforeInitialization(AbstractAutowireCapableBeanFactory.java:416)
	at org.springframework.beans.factory.support.AbstractAutowireCapableBeanFactory.initializeBean(AbstractAutowireCapableBeanFactory.java:1788)
	at org.springframework.beans.factory.support.AbstractAutowireCapableBeanFactory.doCreateBean(AbstractAutowireCapableBeanFactory.java:595)
	... 56 common frames omitted
2020-06-03 16:49:20 [restartedMain] INFO  com.wisesoft.cdfyshow.CdfyShowApplication - Starting CdfyShowApplication on DESKTOP-6GTNQMT with PID 5944 (E:\cdzs-workspace\com.wisesoft.cdfyshow\target\classes started by lenovo in E:\cdzs-workspace\com.wisesoft.cdfyshow)
2020-06-03 16:49:20 [restartedMain] INFO  com.wisesoft.cdfyshow.CdfyShowApplication - The following profiles are active: dev
2020-06-03 16:49:22 [restartedMain] INFO  o.s.boot.web.embedded.tomcat.TomcatWebServer - Tomcat initialized with port(s): 8080 (http)
2020-06-03 16:49:22 [restartedMain] INFO  org.apache.coyote.http11.Http11NioProtocol - Initializing ProtocolHandler ["http-nio-8080"]
2020-06-03 16:49:22 [restartedMain] INFO  org.apache.catalina.core.StandardService - Starting service [Tomcat]
2020-06-03 16:49:22 [restartedMain] INFO  org.apache.catalina.core.StandardEngine - Starting Servlet engine: [Apache Tomcat/9.0.35]
2020-06-03 16:49:22 [restartedMain] INFO  o.a.c.c.C.[Tomcat-2].[localhost].[/cdfyshow] - Initializing Spring embedded WebApplicationContext
2020-06-03 16:49:22 [restartedMain] INFO  org.springframework.web.context.ContextLoader - Root WebApplicationContext: initialization completed in 1960 ms
2020-06-03 16:49:25 [restartedMain] INFO  o.s.scheduling.concurrent.ThreadPoolTaskExecutor - Initializing ExecutorService 'applicationTaskExecutor'
2020-06-03 16:49:25 [restartedMain] INFO  o.s.b.d.autoconfigure.OptionalLiveReloadServer - LiveReload server is running on port 35729
2020-06-03 16:49:25 [restartedMain] INFO  org.apache.coyote.http11.Http11NioProtocol - Starting ProtocolHandler ["http-nio-8080"]
2020-06-03 16:49:25 [restartedMain] INFO  o.s.boot.web.embedded.tomcat.TomcatWebServer - Tomcat started on port(s): 8080 (http) with context path '/cdfyshow'
2020-06-03 16:49:25 [restartedMain] INFO  com.wisesoft.cdfyshow.CdfyShowApplication - Started CdfyShowApplication in 6.159 seconds (JVM running for 772.762)
2020-06-03 16:49:25 [restartedMain] INFO  o.s.b.d.a.ConditionEvaluationDeltaLoggingListener - Condition evaluation unchanged
2020-06-03 16:49:35 [Thread-576] INFO  o.s.scheduling.concurrent.ThreadPoolTaskExecutor - Shutting down ExecutorService 'applicationTaskExecutor'
2020-06-03 16:49:36 [restartedMain] INFO  com.wisesoft.cdfyshow.CdfyShowApplication - Starting CdfyShowApplication on DESKTOP-6GTNQMT with PID 5944 (E:\cdzs-workspace\com.wisesoft.cdfyshow\target\classes started by lenovo in E:\cdzs-workspace\com.wisesoft.cdfyshow)
2020-06-03 16:49:36 [restartedMain] INFO  com.wisesoft.cdfyshow.CdfyShowApplication - The following profiles are active: dev
2020-06-03 16:49:38 [restartedMain] INFO  o.s.boot.web.embedded.tomcat.TomcatWebServer - Tomcat initialized with port(s): 8080 (http)
2020-06-03 16:49:38 [restartedMain] INFO  org.apache.coyote.http11.Http11NioProtocol - Initializing ProtocolHandler ["http-nio-8080"]
2020-06-03 16:49:38 [restartedMain] INFO  org.apache.catalina.core.StandardService - Starting service [Tomcat]
2020-06-03 16:49:38 [restartedMain] INFO  org.apache.catalina.core.StandardEngine - Starting Servlet engine: [Apache Tomcat/9.0.35]
2020-06-03 16:49:38 [restartedMain] INFO  o.a.c.c.C.[Tomcat-2].[localhost].[/cdfyshow] - Initializing Spring embedded WebApplicationContext
2020-06-03 16:49:38 [restartedMain] INFO  org.springframework.web.context.ContextLoader - Root WebApplicationContext: initialization completed in 2366 ms
2020-06-03 16:49:39 [restartedMain] INFO  o.s.scheduling.concurrent.ThreadPoolTaskExecutor - Initializing ExecutorService 'applicationTaskExecutor'
2020-06-03 16:49:40 [restartedMain] INFO  o.s.b.d.autoconfigure.OptionalLiveReloadServer - LiveReload server is running on port 35729
2020-06-03 16:49:40 [restartedMain] INFO  org.apache.coyote.http11.Http11NioProtocol - Starting ProtocolHandler ["http-nio-8080"]
2020-06-03 16:49:40 [restartedMain] INFO  o.s.boot.web.embedded.tomcat.TomcatWebServer - Tomcat started on port(s): 8080 (http) with context path '/cdfyshow'
2020-06-03 16:49:40 [restartedMain] INFO  com.wisesoft.cdfyshow.CdfyShowApplication - Started CdfyShowApplication in 4.036 seconds (JVM running for 786.987)
2020-06-03 16:49:40 [restartedMain] INFO  o.s.b.d.a.ConditionEvaluationDeltaLoggingListener - Condition evaluation unchanged
2020-06-03 16:49:59 [SpringContextShutdownHook] INFO  o.s.scheduling.concurrent.ThreadPoolTaskExecutor - Shutting down ExecutorService 'applicationTaskExecutor'
2020-06-03 16:50:24 [restartedMain] INFO  com.wisesoft.cdfyshow.CdfyShowApplication - Starting CdfyShowApplication on DESKTOP-6GTNQMT with PID 17288 (E:\cdzs-workspace\com.wisesoft.cdfyshow\target\classes started by lenovo in E:\cdzs-workspace\com.wisesoft.cdfyshow)
2020-06-03 16:50:24 [restartedMain] INFO  com.wisesoft.cdfyshow.CdfyShowApplication - The following profiles are active: dev
2020-06-03 16:50:25 [restartedMain] INFO  o.s.b.d.env.DevToolsPropertyDefaultsPostProcessor - Devtools property defaults active! Set 'spring.devtools.add-properties' to 'false' to disable
2020-06-03 16:50:25 [restartedMain] INFO  o.s.b.d.env.DevToolsPropertyDefaultsPostProcessor - For additional web related logging consider setting the 'logging.level.web' property to 'DEBUG'
2020-06-03 16:50:32 [restartedMain] INFO  o.s.boot.web.embedded.tomcat.TomcatWebServer - Tomcat initialized with port(s): 8080 (http)
2020-06-03 16:50:32 [restartedMain] INFO  org.apache.coyote.http11.Http11NioProtocol - Initializing ProtocolHandler ["http-nio-8080"]
2020-06-03 16:50:32 [restartedMain] INFO  org.apache.catalina.core.StandardService - Starting service [Tomcat]
2020-06-03 16:50:32 [restartedMain] INFO  org.apache.catalina.core.StandardEngine - Starting Servlet engine: [Apache Tomcat/9.0.35]
2020-06-03 16:50:32 [restartedMain] INFO  o.a.c.c.C.[Tomcat].[localhost].[/cdfyshow] - Initializing Spring embedded WebApplicationContext
2020-06-03 16:50:32 [restartedMain] INFO  org.springframework.web.context.ContextLoader - Root WebApplicationContext: initialization completed in 7626 ms
2020-06-03 16:50:35 [restartedMain] INFO  o.s.scheduling.concurrent.ThreadPoolTaskExecutor - Initializing ExecutorService 'applicationTaskExecutor'
2020-06-03 16:50:36 [restartedMain] INFO  o.s.b.d.autoconfigure.OptionalLiveReloadServer - LiveReload server is running on port 35729
2020-06-03 16:50:36 [restartedMain] INFO  org.apache.coyote.http11.Http11NioProtocol - Starting ProtocolHandler ["http-nio-8080"]
2020-06-03 16:50:36 [restartedMain] INFO  o.s.boot.web.embedded.tomcat.TomcatWebServer - Tomcat started on port(s): 8080 (http) with context path '/cdfyshow'
2020-06-03 16:50:36 [restartedMain] INFO  com.wisesoft.cdfyshow.CdfyShowApplication - Started CdfyShowApplication in 14.586 seconds (JVM running for 18.925)
2020-06-03 16:50:44 [http-nio-8080-exec-1] INFO  o.a.c.c.C.[Tomcat].[localhost].[/cdfyshow] - Initializing Spring DispatcherServlet 'dispatcherServlet'
2020-06-03 16:50:44 [http-nio-8080-exec-1] INFO  org.springframework.web.servlet.DispatcherServlet - Initializing Servlet 'dispatcherServlet'
2020-06-03 16:50:44 [http-nio-8080-exec-1] INFO  org.springframework.web.servlet.DispatcherServlet - Completed initialization in 62 ms
2020-06-03 16:50:45 [http-nio-8080-exec-1] INFO  com.alibaba.druid.pool.DruidDataSource - {dataSource-1} inited
2020-06-03 16:51:27 [Thread-204] INFO  o.s.scheduling.concurrent.ThreadPoolTaskExecutor - Shutting down ExecutorService 'applicationTaskExecutor'
2020-06-03 16:51:27 [Thread-204] INFO  com.alibaba.druid.pool.DruidDataSource - {dataSource-1} closed
2020-06-03 16:51:29 [restartedMain] INFO  com.wisesoft.cdfyshow.CdfyShowApplication - Starting CdfyShowApplication on DESKTOP-6GTNQMT with PID 17288 (E:\cdzs-workspace\com.wisesoft.cdfyshow\target\classes started by lenovo in E:\cdzs-workspace\com.wisesoft.cdfyshow)
2020-06-03 16:51:29 [restartedMain] INFO  com.wisesoft.cdfyshow.CdfyShowApplication - The following profiles are active: dev
2020-06-03 16:51:33 [restartedMain] INFO  o.s.boot.web.embedded.tomcat.TomcatWebServer - Tomcat initialized with port(s): 8080 (http)
2020-06-03 16:51:33 [restartedMain] INFO  org.apache.coyote.http11.Http11NioProtocol - Initializing ProtocolHandler ["http-nio-8080"]
2020-06-03 16:51:33 [restartedMain] INFO  org.apache.catalina.core.StandardService - Starting service [Tomcat]
2020-06-03 16:51:33 [restartedMain] INFO  org.apache.catalina.core.StandardEngine - Starting Servlet engine: [Apache Tomcat/9.0.35]
2020-06-03 16:51:33 [restartedMain] INFO  o.a.c.c.C.[Tomcat].[localhost].[/cdfyshow] - Initializing Spring embedded WebApplicationContext
2020-06-03 16:51:33 [restartedMain] INFO  org.springframework.web.context.ContextLoader - Root WebApplicationContext: initialization completed in 4202 ms
2020-06-03 16:51:37 [restartedMain] WARN  o.s.b.w.s.c.AnnotationConfigServletWebServerApplicationContext - Exception encountered during context initialization - cancelling refresh attempt: org.springframework.beans.factory.UnsatisfiedDependencyException: Error creating bean with name 'dataController': Unsatisfied dependency expressed through field 'dataService'; nested exception is org.springframework.beans.factory.NoSuchBeanDefinitionException: No qualifying bean of type 'com.wisesoft.cdfyshow.service.DataService' available: expected at least 1 bean which qualifies as autowire candidate. Dependency annotations: {@org.springframework.beans.factory.annotation.Autowired(required=true)}
2020-06-03 16:51:37 [restartedMain] INFO  org.apache.catalina.core.StandardService - Stopping service [Tomcat]
2020-06-03 16:51:38 [restartedMain] INFO  o.s.b.a.l.ConditionEvaluationReportLoggingListener - 

Error starting ApplicationContext. To display the conditions report re-run your application with 'debug' enabled.
2020-06-03 16:51:38 [restartedMain] WARN  org.springframework.boot.SpringApplication - Unable to close ApplicationContext
org.springframework.beans.factory.BeanCreationException: Error creating bean with name 'org.springframework.boot.autoconfigure.admin.SpringApplicationAdminJmxAutoConfiguration': Initialization of bean failed; nested exception is org.springframework.beans.factory.BeanCreationException: Error creating bean with name 'org.springframework.transaction.annotation.ProxyTransactionManagementConfiguration': Initialization of bean failed; nested exception is org.springframework.beans.factory.NoSuchBeanDefinitionException: No bean named 'org.springframework.context.annotation.ConfigurationClassPostProcessor.importRegistry' available
	at org.springframework.beans.factory.support.AbstractAutowireCapableBeanFactory.doCreateBean(AbstractAutowireCapableBeanFactory.java:603)
	at org.springframework.beans.factory.support.AbstractAutowireCapableBeanFactory.createBean(AbstractAutowireCapableBeanFactory.java:517)
	at org.springframework.beans.factory.support.AbstractBeanFactory.lambda$doGetBean$0(AbstractBeanFactory.java:323)
	at org.springframework.beans.factory.support.DefaultSingletonBeanRegistry.getSingleton(DefaultSingletonBeanRegistry.java:226)
	at org.springframework.beans.factory.support.AbstractBeanFactory.doGetBean(AbstractBeanFactory.java:321)
	at org.springframework.beans.factory.support.AbstractBeanFactory.getBean(AbstractBeanFactory.java:202)
	at org.springframework.beans.factory.support.ConstructorResolver.instantiateUsingFactoryMethod(ConstructorResolver.java:409)
	at org.springframework.beans.factory.support.AbstractAutowireCapableBeanFactory.instantiateUsingFactoryMethod(AbstractAutowireCapableBeanFactory.java:1338)
	at org.springframework.beans.factory.support.AbstractAutowireCapableBeanFactory.createBeanInstance(AbstractAutowireCapableBeanFactory.java:1177)
	at org.springframework.beans.factory.support.AbstractAutowireCapableBeanFactory.doCreateBean(AbstractAutowireCapableBeanFactory.java:557)
	at org.springframework.beans.factory.support.AbstractAutowireCapableBeanFactory.createBean(AbstractAutowireCapableBeanFactory.java:517)
	at org.springframework.beans.factory.support.AbstractBeanFactory.lambda$doGetBean$0(AbstractBeanFactory.java:323)
	at org.springframework.beans.factory.support.DefaultSingletonBeanRegistry.getSingleton(DefaultSingletonBeanRegistry.java:226)
	at org.springframework.beans.factory.support.AbstractBeanFactory.doGetBean(AbstractBeanFactory.java:321)
	at org.springframework.beans.factory.support.AbstractBeanFactory.getBean(AbstractBeanFactory.java:207)
	at org.springframework.context.event.AbstractApplicationEventMulticaster.retrieveApplicationListeners(AbstractApplicationEventMulticaster.java:245)
	at org.springframework.context.event.AbstractApplicationEventMulticaster.getApplicationListeners(AbstractApplicationEventMulticaster.java:197)
	at org.springframework.context.event.SimpleApplicationEventMulticaster.multicastEvent(SimpleApplicationEventMulticaster.java:134)
	at org.springframework.context.support.AbstractApplicationContext.publishEvent(AbstractApplicationContext.java:403)
	at org.springframework.context.support.AbstractApplicationContext.publishEvent(AbstractApplicationContext.java:360)
	at org.springframework.boot.availability.AvailabilityChangeEvent.publish(AvailabilityChangeEvent.java:81)
	at org.springframework.boot.availability.AvailabilityChangeEvent.publish(AvailabilityChangeEvent.java:67)
	at org.springframework.boot.web.servlet.context.ServletWebServerApplicationContext.doClose(ServletWebServerApplicationContext.java:167)
	at org.springframework.context.support.AbstractApplicationContext.close(AbstractApplicationContext.java:978)
	at org.springframework.boot.SpringApplication.handleRunFailure(SpringApplication.java:814)
	at org.springframework.boot.SpringApplication.run(SpringApplication.java:325)
	at org.springframework.boot.SpringApplication.run(SpringApplication.java:1237)
	at org.springframework.boot.SpringApplication.run(SpringApplication.java:1226)
	at com.wisesoft.cdfyshow.CdfyShowApplication.main(CdfyShowApplication.java:10)
	at sun.reflect.NativeMethodAccessorImpl.invoke0(Native Method)
	at sun.reflect.NativeMethodAccessorImpl.invoke(NativeMethodAccessorImpl.java:62)
	at sun.reflect.DelegatingMethodAccessorImpl.invoke(DelegatingMethodAccessorImpl.java:43)
	at java.lang.reflect.Method.invoke(Method.java:498)
	at org.springframework.boot.devtools.restart.RestartLauncher.run(RestartLauncher.java:49)
Caused by: org.springframework.beans.factory.BeanCreationException: Error creating bean with name 'org.springframework.transaction.annotation.ProxyTransactionManagementConfiguration': Initialization of bean failed; nested exception is org.springframework.beans.factory.NoSuchBeanDefinitionException: No bean named 'org.springframework.context.annotation.ConfigurationClassPostProcessor.importRegistry' available
	at org.springframework.beans.factory.support.AbstractAutowireCapableBeanFactory.doCreateBean(AbstractAutowireCapableBeanFactory.java:603)
	at org.springframework.beans.factory.support.AbstractAutowireCapableBeanFactory.createBean(AbstractAutowireCapableBeanFactory.java:517)
	at org.springframework.beans.factory.support.AbstractBeanFactory.lambda$doGetBean$0(AbstractBeanFactory.java:323)
	at org.springframework.beans.factory.support.DefaultSingletonBeanRegistry.getSingleton(DefaultSingletonBeanRegistry.java:226)
	at org.springframework.beans.factory.support.AbstractBeanFactory.doGetBean(AbstractBeanFactory.java:321)
	at org.springframework.beans.factory.support.AbstractBeanFactory.getBean(AbstractBeanFactory.java:202)
	at org.springframework.beans.factory.support.ConstructorResolver.instantiateUsingFactoryMethod(ConstructorResolver.java:409)
	at org.springframework.beans.factory.support.AbstractAutowireCapableBeanFactory.instantiateUsingFactoryMethod(AbstractAutowireCapableBeanFactory.java:1338)
	at org.springframework.beans.factory.support.AbstractAutowireCapableBeanFactory.createBeanInstance(AbstractAutowireCapableBeanFactory.java:1177)
	at org.springframework.beans.factory.support.AbstractAutowireCapableBeanFactory.doCreateBean(AbstractAutowireCapableBeanFactory.java:557)
	at org.springframework.beans.factory.support.AbstractAutowireCapableBeanFactory.createBean(AbstractAutowireCapableBeanFactory.java:517)
	at org.springframework.beans.factory.support.AbstractBeanFactory.lambda$doGetBean$0(AbstractBeanFactory.java:323)
	at org.springframework.beans.factory.support.DefaultSingletonBeanRegistry.getSingleton(DefaultSingletonBeanRegistry.java:226)
	at org.springframework.beans.factory.support.AbstractBeanFactory.doGetBean(AbstractBeanFactory.java:321)
	at org.springframework.beans.factory.support.AbstractBeanFactory.getBean(AbstractBeanFactory.java:207)
	at org.springframework.aop.framework.autoproxy.BeanFactoryAdvisorRetrievalHelper.findAdvisorBeans(BeanFactoryAdvisorRetrievalHelper.java:91)
	at org.springframework.aop.framework.autoproxy.AbstractAdvisorAutoProxyCreator.findCandidateAdvisors(AbstractAdvisorAutoProxyCreator.java:109)
	at org.springframework.aop.framework.autoproxy.AbstractAdvisorAutoProxyCreator.findEligibleAdvisors(AbstractAdvisorAutoProxyCreator.java:94)
	at org.springframework.aop.framework.autoproxy.AbstractAdvisorAutoProxyCreator.getAdvicesAndAdvisorsForBean(AbstractAdvisorAutoProxyCreator.java:76)
	at org.springframework.aop.framework.autoproxy.AbstractAutoProxyCreator.wrapIfNecessary(AbstractAutoProxyCreator.java:347)
	at org.springframework.aop.framework.autoproxy.AbstractAutoProxyCreator.postProcessAfterInitialization(AbstractAutoProxyCreator.java:299)
	at org.springframework.beans.factory.support.AbstractAutowireCapableBeanFactory.applyBeanPostProcessorsAfterInitialization(AbstractAutowireCapableBeanFactory.java:431)
	at org.springframework.beans.factory.support.AbstractAutowireCapableBeanFactory.initializeBean(AbstractAutowireCapableBeanFactory.java:1800)
	at org.springframework.beans.factory.support.AbstractAutowireCapableBeanFactory.doCreateBean(AbstractAutowireCapableBeanFactory.java:595)
	... 33 common frames omitted
Caused by: org.springframework.beans.factory.NoSuchBeanDefinitionException: No bean named 'org.springframework.context.annotation.ConfigurationClassPostProcessor.importRegistry' available
	at org.springframework.beans.factory.support.DefaultListableBeanFactory.getBeanDefinition(DefaultListableBeanFactory.java:814)
	at org.springframework.beans.factory.support.AbstractBeanFactory.getMergedLocalBeanDefinition(AbstractBeanFactory.java:1282)
	at org.springframework.beans.factory.support.AbstractBeanFactory.doGetBean(AbstractBeanFactory.java:297)
	at org.springframework.beans.factory.support.AbstractBeanFactory.getBean(AbstractBeanFactory.java:207)
	at org.springframework.context.annotation.ConfigurationClassPostProcessor$ImportAwareBeanPostProcessor.postProcessBeforeInitialization(ConfigurationClassPostProcessor.java:456)
	at org.springframework.beans.factory.support.AbstractAutowireCapableBeanFactory.applyBeanPostProcessorsBeforeInitialization(AbstractAutowireCapableBeanFactory.java:416)
	at org.springframework.beans.factory.support.AbstractAutowireCapableBeanFactory.initializeBean(AbstractAutowireCapableBeanFactory.java:1788)
	at org.springframework.beans.factory.support.AbstractAutowireCapableBeanFactory.doCreateBean(AbstractAutowireCapableBeanFactory.java:595)
	... 56 common frames omitted
2020-06-03 16:52:28 [restartedMain] INFO  com.wisesoft.cdfyshow.CdfyShowApplication - Starting CdfyShowApplication on DESKTOP-6GTNQMT with PID 1152 (E:\cdzs-workspace\com.wisesoft.cdfyshow\target\classes started by lenovo in E:\cdzs-workspace\com.wisesoft.cdfyshow)
2020-06-03 16:52:28 [restartedMain] INFO  com.wisesoft.cdfyshow.CdfyShowApplication - The following profiles are active: dev
2020-06-03 16:52:28 [restartedMain] INFO  o.s.b.d.env.DevToolsPropertyDefaultsPostProcessor - Devtools property defaults active! Set 'spring.devtools.add-properties' to 'false' to disable
2020-06-03 16:52:28 [restartedMain] INFO  o.s.b.d.env.DevToolsPropertyDefaultsPostProcessor - For additional web related logging consider setting the 'logging.level.web' property to 'DEBUG'
2020-06-03 16:52:36 [restartedMain] INFO  o.s.boot.web.embedded.tomcat.TomcatWebServer - Tomcat initialized with port(s): 8080 (http)
2020-06-03 16:52:36 [restartedMain] INFO  org.apache.coyote.http11.Http11NioProtocol - Initializing ProtocolHandler ["http-nio-8080"]
2020-06-03 16:52:36 [restartedMain] INFO  org.apache.catalina.core.StandardService - Starting service [Tomcat]
2020-06-03 16:52:36 [restartedMain] INFO  org.apache.catalina.core.StandardEngine - Starting Servlet engine: [Apache Tomcat/9.0.35]
2020-06-03 16:52:36 [restartedMain] INFO  o.a.c.c.C.[Tomcat].[localhost].[/cdfyshow] - Initializing Spring embedded WebApplicationContext
2020-06-03 16:52:36 [restartedMain] INFO  org.springframework.web.context.ContextLoader - Root WebApplicationContext: initialization completed in 8032 ms
2020-06-03 16:52:40 [restartedMain] INFO  o.s.scheduling.concurrent.ThreadPoolTaskExecutor - Initializing ExecutorService 'applicationTaskExecutor'
2020-06-03 16:52:42 [restartedMain] INFO  o.s.b.d.autoconfigure.OptionalLiveReloadServer - LiveReload server is running on port 35729
2020-06-03 16:52:42 [restartedMain] INFO  org.apache.coyote.http11.Http11NioProtocol - Starting ProtocolHandler ["http-nio-8080"]
2020-06-03 16:52:43 [restartedMain] INFO  o.s.boot.web.embedded.tomcat.TomcatWebServer - Tomcat started on port(s): 8080 (http) with context path '/cdfyshow'
2020-06-03 16:52:43 [restartedMain] INFO  com.wisesoft.cdfyshow.CdfyShowApplication - Started CdfyShowApplication in 17.053 seconds (JVM running for 24.16)
2020-06-03 16:53:23 [http-nio-8080-exec-2] INFO  o.a.c.c.C.[Tomcat].[localhost].[/cdfyshow] - Initializing Spring DispatcherServlet 'dispatcherServlet'
2020-06-03 16:53:23 [http-nio-8080-exec-2] INFO  org.springframework.web.servlet.DispatcherServlet - Initializing Servlet 'dispatcherServlet'
2020-06-03 16:53:24 [http-nio-8080-exec-2] INFO  org.springframework.web.servlet.DispatcherServlet - Completed initialization in 98 ms
2020-06-03 16:53:24 [http-nio-8080-exec-2] INFO  com.alibaba.druid.pool.DruidDataSource - {dataSource-1} inited
2020-06-03 17:42:27 [SpringContextShutdownHook] INFO  o.s.scheduling.concurrent.ThreadPoolTaskExecutor - Shutting down ExecutorService 'applicationTaskExecutor'
2020-06-03 17:42:27 [SpringContextShutdownHook] INFO  com.alibaba.druid.pool.DruidDataSource - {dataSource-1} closed
2020-06-03 17:44:38 [main] INFO  com.wisesoft.cdfyshow.CdfyShowApplication - Starting CdfyShowApplication on DESKTOP-6GTNQMT with PID 16796 (E:\cdzs-workspace\com.wisesoft.cdfyshow\target\classes started by lenovo in E:\cdzs-workspace\com.wisesoft.cdfyshow)
2020-06-03 17:44:38 [main] INFO  com.wisesoft.cdfyshow.CdfyShowApplication - The following profiles are active: dev
2020-06-03 17:44:44 [main] INFO  o.s.boot.web.embedded.tomcat.TomcatWebServer - Tomcat initialized with port(s): 8080 (http)
2020-06-03 17:44:44 [main] INFO  org.apache.coyote.http11.Http11NioProtocol - Initializing ProtocolHandler ["http-nio-8080"]
2020-06-03 17:44:44 [main] INFO  org.apache.catalina.core.StandardService - Starting service [Tomcat]
2020-06-03 17:44:44 [main] INFO  org.apache.catalina.core.StandardEngine - Starting Servlet engine: [Apache Tomcat/9.0.35]
2020-06-03 17:44:45 [main] INFO  o.a.c.c.C.[Tomcat].[localhost].[/cdfyshow] - Initializing Spring embedded WebApplicationContext
2020-06-03 17:44:45 [main] INFO  org.springframework.web.context.ContextLoader - Root WebApplicationContext: initialization completed in 6466 ms
2020-06-03 17:44:47 [main] INFO  o.s.scheduling.concurrent.ThreadPoolTaskExecutor - Initializing ExecutorService 'applicationTaskExecutor'
2020-06-03 17:44:49 [main] INFO  org.apache.coyote.http11.Http11NioProtocol - Starting ProtocolHandler ["http-nio-8080"]
2020-06-03 17:44:49 [main] INFO  o.s.boot.web.embedded.tomcat.TomcatWebServer - Tomcat started on port(s): 8080 (http) with context path '/cdfyshow'
2020-06-03 17:44:49 [main] INFO  com.wisesoft.cdfyshow.CdfyShowApplication - Started CdfyShowApplication in 13.724 seconds (JVM running for 17.649)
2020-06-03 17:45:20 [http-nio-8080-exec-1] INFO  o.a.c.c.C.[Tomcat].[localhost].[/cdfyshow] - Initializing Spring DispatcherServlet 'dispatcherServlet'
2020-06-03 17:45:20 [http-nio-8080-exec-1] INFO  org.springframework.web.servlet.DispatcherServlet - Initializing Servlet 'dispatcherServlet'
2020-06-03 17:45:20 [http-nio-8080-exec-1] INFO  org.springframework.web.servlet.DispatcherServlet - Completed initialization in 54 ms
2020-06-03 17:45:27 [http-nio-8080-exec-1] INFO  com.alibaba.druid.pool.DruidDataSource - {dataSource-1} inited
2020-06-03 17:46:44 [SpringContextShutdownHook] INFO  o.s.scheduling.concurrent.ThreadPoolTaskExecutor - Shutting down ExecutorService 'applicationTaskExecutor'
2020-06-03 17:46:44 [SpringContextShutdownHook] INFO  com.alibaba.druid.pool.DruidDataSource - {dataSource-1} closed
2020-06-03 17:47:05 [main] INFO  com.wisesoft.cdfyshow.CdfyShowApplication - Starting CdfyShowApplication on DESKTOP-6GTNQMT with PID 7660 (E:\cdzs-workspace\com.wisesoft.cdfyshow\target\classes started by lenovo in E:\cdzs-workspace\com.wisesoft.cdfyshow)
2020-06-03 17:47:05 [main] INFO  com.wisesoft.cdfyshow.CdfyShowApplication - The following profiles are active: dev
2020-06-03 17:47:11 [main] INFO  o.s.boot.web.embedded.tomcat.TomcatWebServer - Tomcat initialized with port(s): 8080 (http)
2020-06-03 17:47:11 [main] INFO  org.apache.coyote.http11.Http11NioProtocol - Initializing ProtocolHandler ["http-nio-8080"]
2020-06-03 17:47:11 [main] INFO  org.apache.catalina.core.StandardService - Starting service [Tomcat]
2020-06-03 17:47:11 [main] INFO  org.apache.catalina.core.StandardEngine - Starting Servlet engine: [Apache Tomcat/9.0.35]
2020-06-03 17:47:11 [main] INFO  o.a.c.c.C.[Tomcat].[localhost].[/cdfyshow] - Initializing Spring embedded WebApplicationContext
2020-06-03 17:47:11 [main] INFO  org.springframework.web.context.ContextLoader - Root WebApplicationContext: initialization completed in 5556 ms
2020-06-03 17:47:19 [main] INFO  o.s.scheduling.concurrent.ThreadPoolTaskExecutor - Initializing ExecutorService 'applicationTaskExecutor'
2020-06-03 17:47:21 [main] INFO  org.apache.coyote.http11.Http11NioProtocol - Starting ProtocolHandler ["http-nio-8080"]
2020-06-03 17:47:21 [main] INFO  o.s.boot.web.embedded.tomcat.TomcatWebServer - Tomcat started on port(s): 8080 (http) with context path '/cdfyshow'
2020-06-03 17:47:21 [main] INFO  com.wisesoft.cdfyshow.CdfyShowApplication - Started CdfyShowApplication in 17.98 seconds (JVM running for 22.873)
2020-06-03 17:47:30 [http-nio-8080-exec-1] INFO  o.a.c.c.C.[Tomcat].[localhost].[/cdfyshow] - Initializing Spring DispatcherServlet 'dispatcherServlet'
2020-06-03 17:47:30 [http-nio-8080-exec-1] INFO  org.springframework.web.servlet.DispatcherServlet - Initializing Servlet 'dispatcherServlet'
2020-06-03 17:47:30 [http-nio-8080-exec-1] INFO  org.springframework.web.servlet.DispatcherServlet - Completed initialization in 69 ms
2020-06-03 17:47:34 [http-nio-8080-exec-1] INFO  com.alibaba.druid.pool.DruidDataSource - {dataSource-1} inited
2020-06-03 18:25:16 [SpringContextShutdownHook] INFO  o.s.scheduling.concurrent.ThreadPoolTaskExecutor - Shutting down ExecutorService 'applicationTaskExecutor'
2020-06-03 18:25:16 [SpringContextShutdownHook] INFO  com.alibaba.druid.pool.DruidDataSource - {dataSource-1} closed
2020-06-03 18:25:40 [main] INFO  com.wisesoft.cdfyshow.CdfyShowApplication - Starting CdfyShowApplication on DESKTOP-6GTNQMT with PID 17992 (E:\cdzs-workspace\com.wisesoft.cdfyshow\target\classes started by lenovo in E:\cdzs-workspace\com.wisesoft.cdfyshow)
2020-06-03 18:25:40 [main] INFO  com.wisesoft.cdfyshow.CdfyShowApplication - The following profiles are active: dev
2020-06-03 18:25:46 [main] INFO  o.s.boot.web.embedded.tomcat.TomcatWebServer - Tomcat initialized with port(s): 8080 (http)
2020-06-03 18:25:46 [main] INFO  org.apache.coyote.http11.Http11NioProtocol - Initializing ProtocolHandler ["http-nio-8080"]
2020-06-03 18:25:46 [main] INFO  org.apache.catalina.core.StandardService - Starting service [Tomcat]
2020-06-03 18:25:46 [main] INFO  org.apache.catalina.core.StandardEngine - Starting Servlet engine: [Apache Tomcat/9.0.35]
2020-06-03 18:25:46 [main] INFO  o.a.c.c.C.[Tomcat].[localhost].[/cdfyshow] - Initializing Spring embedded WebApplicationContext
2020-06-03 18:25:46 [main] INFO  org.springframework.web.context.ContextLoader - Root WebApplicationContext: initialization completed in 5800 ms
2020-06-03 18:25:49 [main] INFO  o.s.scheduling.concurrent.ThreadPoolTaskExecutor - Initializing ExecutorService 'applicationTaskExecutor'
2020-06-03 18:25:50 [main] INFO  org.apache.coyote.http11.Http11NioProtocol - Starting ProtocolHandler ["http-nio-8080"]
2020-06-03 18:25:50 [main] INFO  o.s.boot.web.embedded.tomcat.TomcatWebServer - Tomcat started on port(s): 8080 (http) with context path '/cdfyshow'
2020-06-03 18:25:50 [main] INFO  com.wisesoft.cdfyshow.CdfyShowApplication - Started CdfyShowApplication in 13.354 seconds (JVM running for 18.011)
2020-06-03 18:25:55 [http-nio-8080-exec-2] INFO  o.a.c.c.C.[Tomcat].[localhost].[/cdfyshow] - Initializing Spring DispatcherServlet 'dispatcherServlet'
2020-06-03 18:25:55 [http-nio-8080-exec-2] INFO  org.springframework.web.servlet.DispatcherServlet - Initializing Servlet 'dispatcherServlet'
2020-06-03 18:25:55 [http-nio-8080-exec-2] INFO  org.springframework.web.servlet.DispatcherServlet - Completed initialization in 124 ms
2020-06-03 18:25:57 [http-nio-8080-exec-2] INFO  com.alibaba.druid.pool.DruidDataSource - {dataSource-1} inited
2020-06-03 18:34:21 [SpringContextShutdownHook] INFO  o.s.scheduling.concurrent.ThreadPoolTaskExecutor - Shutting down ExecutorService 'applicationTaskExecutor'
2020-06-03 18:34:21 [SpringContextShutdownHook] INFO  com.alibaba.druid.pool.DruidDataSource - {dataSource-1} closed
2020-06-03 18:35:15 [main] INFO  com.wisesoft.cdfyshow.CdfyShowApplication - Starting CdfyShowApplication on DESKTOP-6GTNQMT with PID 12516 (E:\cdzs-workspace\com.wisesoft.cdfyshow\target\classes started by lenovo in E:\cdzs-workspace\com.wisesoft.cdfyshow)
2020-06-03 18:35:15 [main] INFO  com.wisesoft.cdfyshow.CdfyShowApplication - The following profiles are active: dev
2020-06-03 18:35:20 [main] INFO  o.s.boot.web.embedded.tomcat.TomcatWebServer - Tomcat initialized with port(s): 8080 (http)
2020-06-03 18:35:20 [main] INFO  org.apache.coyote.http11.Http11NioProtocol - Initializing ProtocolHandler ["http-nio-8080"]
2020-06-03 18:35:20 [main] INFO  org.apache.catalina.core.StandardService - Starting service [Tomcat]
2020-06-03 18:35:20 [main] INFO  org.apache.catalina.core.StandardEngine - Starting Servlet engine: [Apache Tomcat/9.0.35]
2020-06-03 18:35:20 [main] INFO  o.a.c.c.C.[Tomcat].[localhost].[/cdfyshow] - Initializing Spring embedded WebApplicationContext
2020-06-03 18:35:20 [main] INFO  org.springframework.web.context.ContextLoader - Root WebApplicationContext: initialization completed in 4651 ms
2020-06-03 18:35:23 [main] INFO  o.s.scheduling.concurrent.ThreadPoolTaskExecutor - Initializing ExecutorService 'applicationTaskExecutor'
2020-06-03 18:35:24 [main] INFO  org.apache.coyote.http11.Http11NioProtocol - Starting ProtocolHandler ["http-nio-8080"]
2020-06-03 18:35:24 [main] INFO  o.s.boot.web.embedded.tomcat.TomcatWebServer - Tomcat started on port(s): 8080 (http) with context path '/cdfyshow'
2020-06-03 18:35:24 [main] INFO  com.wisesoft.cdfyshow.CdfyShowApplication - Started CdfyShowApplication in 12.213 seconds (JVM running for 16.503)
2020-06-03 18:35:27 [http-nio-8080-exec-1] INFO  o.a.c.c.C.[Tomcat].[localhost].[/cdfyshow] - Initializing Spring DispatcherServlet 'dispatcherServlet'
2020-06-03 18:35:27 [http-nio-8080-exec-1] INFO  org.springframework.web.servlet.DispatcherServlet - Initializing Servlet 'dispatcherServlet'
2020-06-03 18:35:27 [http-nio-8080-exec-1] INFO  org.springframework.web.servlet.DispatcherServlet - Completed initialization in 74 ms
2020-06-03 18:35:28 [http-nio-8080-exec-1] INFO  com.alibaba.druid.pool.DruidDataSource - {dataSource-1} inited
2020-06-03 18:36:04 [SpringContextShutdownHook] INFO  o.s.scheduling.concurrent.ThreadPoolTaskExecutor - Shutting down ExecutorService 'applicationTaskExecutor'
2020-06-03 18:36:04 [SpringContextShutdownHook] INFO  com.alibaba.druid.pool.DruidDataSource - {dataSource-1} closed
2020-06-03 18:36:21 [main] INFO  com.wisesoft.cdfyshow.CdfyShowApplication - Starting CdfyShowApplication on DESKTOP-6GTNQMT with PID 3932 (E:\cdzs-workspace\com.wisesoft.cdfyshow\target\classes started by lenovo in E:\cdzs-workspace\com.wisesoft.cdfyshow)
2020-06-03 18:36:21 [main] INFO  com.wisesoft.cdfyshow.CdfyShowApplication - The following profiles are active: dev
2020-06-03 18:36:26 [main] INFO  o.s.boot.web.embedded.tomcat.TomcatWebServer - Tomcat initialized with port(s): 8080 (http)
2020-06-03 18:36:26 [main] INFO  org.apache.coyote.http11.Http11NioProtocol - Initializing ProtocolHandler ["http-nio-8080"]
2020-06-03 18:36:26 [main] INFO  org.apache.catalina.core.StandardService - Starting service [Tomcat]
2020-06-03 18:36:26 [main] INFO  org.apache.catalina.core.StandardEngine - Starting Servlet engine: [Apache Tomcat/9.0.35]
2020-06-03 18:36:27 [main] INFO  o.a.c.c.C.[Tomcat].[localhost].[/cdfyshow] - Initializing Spring embedded WebApplicationContext
2020-06-03 18:36:27 [main] INFO  org.springframework.web.context.ContextLoader - Root WebApplicationContext: initialization completed in 5482 ms
2020-06-03 18:36:29 [main] INFO  o.s.scheduling.concurrent.ThreadPoolTaskExecutor - Initializing ExecutorService 'applicationTaskExecutor'
2020-06-03 18:36:31 [main] INFO  org.apache.coyote.http11.Http11NioProtocol - Starting ProtocolHandler ["http-nio-8080"]
2020-06-03 18:36:31 [main] INFO  o.s.boot.web.embedded.tomcat.TomcatWebServer - Tomcat started on port(s): 8080 (http) with context path '/cdfyshow'
2020-06-03 18:36:31 [main] INFO  com.wisesoft.cdfyshow.CdfyShowApplication - Started CdfyShowApplication in 12.434 seconds (JVM running for 16.312)
2020-06-03 18:36:35 [http-nio-8080-exec-1] INFO  o.a.c.c.C.[Tomcat].[localhost].[/cdfyshow] - Initializing Spring DispatcherServlet 'dispatcherServlet'
2020-06-03 18:36:35 [http-nio-8080-exec-1] INFO  org.springframework.web.servlet.DispatcherServlet - Initializing Servlet 'dispatcherServlet'
2020-06-03 18:36:35 [http-nio-8080-exec-1] INFO  org.springframework.web.servlet.DispatcherServlet - Completed initialization in 62 ms
2020-06-03 18:36:36 [http-nio-8080-exec-1] INFO  com.alibaba.druid.pool.DruidDataSource - {dataSource-1} inited
2020-06-03 19:00:40 [SpringContextShutdownHook] INFO  o.s.scheduling.concurrent.ThreadPoolTaskExecutor - Shutting down ExecutorService 'applicationTaskExecutor'
2020-06-03 19:00:40 [SpringContextShutdownHook] INFO  com.alibaba.druid.pool.DruidDataSource - {dataSource-1} closed
