2020-06-10 15:56:37 [main] INFO  com.wisesoft.cdfyshow.CdfyShowApplication - Starting CdfyShowApplication on DESKTOP-6GTNQMT with PID 3540 (E:\cdzs-workspace\com.wisesoft.cdfyshow\target\classes started by lenovo in E:\cdzs-workspace\com.wisesoft.cdfyshow)
2020-06-10 15:56:37 [main] INFO  com.wisesoft.cdfyshow.CdfyShowApplication - The following profiles are active: test
2020-06-10 15:57:02 [main] INFO  o.s.boot.web.embedded.tomcat.TomcatWebServer - Tomcat initialized with port(s): 17777 (http)
2020-06-10 15:57:03 [main] INFO  org.apache.coyote.http11.Http11NioProtocol - Initializing ProtocolHandler ["http-nio-17777"]
2020-06-10 15:57:03 [main] INFO  org.apache.catalina.core.StandardService - Starting service [Tomcat]
2020-06-10 15:57:03 [main] INFO  org.apache.catalina.core.StandardEngine - Starting Servlet engine: [Apache Tomcat/9.0.35]
2020-06-10 15:57:07 [main] INFO  o.a.c.c.C.[Tomcat].[localhost].[/cdfyshow] - Initializing Spring embedded WebApplicationContext
2020-06-10 15:57:07 [main] INFO  org.springframework.web.context.ContextLoader - Root WebApplicationContext: initialization completed in 29381 ms
2020-06-10 15:57:22 [main] INFO  o.s.scheduling.concurrent.ThreadPoolTaskExecutor - Initializing ExecutorService 'applicationTaskExecutor'
2020-06-10 15:57:24 [main] INFO  org.apache.coyote.http11.Http11NioProtocol - Starting ProtocolHandler ["http-nio-17777"]
2020-06-10 15:57:24 [main] INFO  o.s.boot.web.embedded.tomcat.TomcatWebServer - Tomcat started on port(s): 17777 (http) with context path '/cdfyshow'
2020-06-10 15:57:24 [main] INFO  com.wisesoft.cdfyshow.CdfyShowApplication - Started CdfyShowApplication in 51.124 seconds (JVM running for 67.72)
2020-06-10 15:58:46 [http-nio-17777-exec-1] INFO  o.a.c.c.C.[Tomcat].[localhost].[/cdfyshow] - Initializing Spring DispatcherServlet 'dispatcherServlet'
2020-06-10 15:58:46 [http-nio-17777-exec-1] INFO  org.springframework.web.servlet.DispatcherServlet - Initializing Servlet 'dispatcherServlet'
2020-06-10 15:58:46 [http-nio-17777-exec-1] INFO  org.springframework.web.servlet.DispatcherServlet - Completed initialization in 99 ms
2020-06-10 15:58:58 [http-nio-17777-exec-1] INFO  com.alibaba.druid.pool.DruidDataSource - {dataSource-1} inited
2020-06-10 16:13:41 [SpringContextShutdownHook] INFO  o.s.scheduling.concurrent.ThreadPoolTaskExecutor - Shutting down ExecutorService 'applicationTaskExecutor'
2020-06-10 16:13:41 [SpringContextShutdownHook] INFO  com.alibaba.druid.pool.DruidDataSource - {dataSource-1} closed
2020-06-10 16:14:07 [main] INFO  com.wisesoft.cdfyshow.CdfyShowApplication - Starting CdfyShowApplication on DESKTOP-6GTNQMT with PID 17336 (E:\cdzs-workspace\com.wisesoft.cdfyshow\target\classes started by lenovo in E:\cdzs-workspace\com.wisesoft.cdfyshow)
2020-06-10 16:14:07 [main] INFO  com.wisesoft.cdfyshow.CdfyShowApplication - The following profiles are active: test
2020-06-10 16:14:18 [main] INFO  o.s.boot.web.embedded.tomcat.TomcatWebServer - Tomcat initialized with port(s): 17777 (http)
2020-06-10 16:14:18 [main] INFO  org.apache.coyote.http11.Http11NioProtocol - Initializing ProtocolHandler ["http-nio-17777"]
2020-06-10 16:14:18 [main] INFO  org.apache.catalina.core.StandardService - Starting service [Tomcat]
2020-06-10 16:14:18 [main] INFO  org.apache.catalina.core.StandardEngine - Starting Servlet engine: [Apache Tomcat/9.0.35]
2020-06-10 16:14:18 [main] INFO  o.a.c.c.C.[Tomcat].[localhost].[/cdfyshow] - Initializing Spring embedded WebApplicationContext
2020-06-10 16:14:18 [main] INFO  org.springframework.web.context.ContextLoader - Root WebApplicationContext: initialization completed in 10246 ms
2020-06-10 16:14:21 [main] INFO  o.s.scheduling.concurrent.ThreadPoolTaskExecutor - Initializing ExecutorService 'applicationTaskExecutor'
2020-06-10 16:14:23 [main] INFO  org.apache.coyote.http11.Http11NioProtocol - Starting ProtocolHandler ["http-nio-17777"]
2020-06-10 16:14:23 [main] INFO  o.s.boot.web.embedded.tomcat.TomcatWebServer - Tomcat started on port(s): 17777 (http) with context path '/cdfyshow'
2020-06-10 16:14:23 [main] INFO  com.wisesoft.cdfyshow.CdfyShowApplication - Started CdfyShowApplication in 17.783 seconds (JVM running for 22.982)
2020-06-10 16:14:27 [http-nio-17777-exec-1] INFO  o.a.c.c.C.[Tomcat].[localhost].[/cdfyshow] - Initializing Spring DispatcherServlet 'dispatcherServlet'
2020-06-10 16:14:27 [http-nio-17777-exec-1] INFO  org.springframework.web.servlet.DispatcherServlet - Initializing Servlet 'dispatcherServlet'
2020-06-10 16:14:27 [http-nio-17777-exec-1] INFO  org.springframework.web.servlet.DispatcherServlet - Completed initialization in 63 ms
2020-06-10 16:14:32 [http-nio-17777-exec-1] INFO  com.alibaba.druid.pool.DruidDataSource - {dataSource-1} inited
2020-06-10 16:27:34 [SpringContextShutdownHook] INFO  o.s.scheduling.concurrent.ThreadPoolTaskExecutor - Shutting down ExecutorService 'applicationTaskExecutor'
2020-06-10 16:27:34 [SpringContextShutdownHook] INFO  com.alibaba.druid.pool.DruidDataSource - {dataSource-1} closed
2020-06-10 16:28:00 [main] INFO  com.wisesoft.cdfyshow.CdfyShowApplication - Starting CdfyShowApplication on DESKTOP-6GTNQMT with PID 10180 (E:\cdzs-workspace\com.wisesoft.cdfyshow\target\classes started by lenovo in E:\cdzs-workspace\com.wisesoft.cdfyshow)
2020-06-10 16:28:00 [main] INFO  com.wisesoft.cdfyshow.CdfyShowApplication - The following profiles are active: test
2020-06-10 16:28:04 [main] INFO  o.s.boot.web.embedded.tomcat.TomcatWebServer - Tomcat initialized with port(s): 17777 (http)
2020-06-10 16:28:04 [main] INFO  org.apache.coyote.http11.Http11NioProtocol - Initializing ProtocolHandler ["http-nio-17777"]
2020-06-10 16:28:04 [main] INFO  org.apache.catalina.core.StandardService - Starting service [Tomcat]
2020-06-10 16:28:04 [main] INFO  org.apache.catalina.core.StandardEngine - Starting Servlet engine: [Apache Tomcat/9.0.35]
2020-06-10 16:28:04 [main] INFO  o.a.c.c.C.[Tomcat].[localhost].[/cdfyshow] - Initializing Spring embedded WebApplicationContext
2020-06-10 16:28:04 [main] INFO  org.springframework.web.context.ContextLoader - Root WebApplicationContext: initialization completed in 4678 ms
2020-06-10 16:28:07 [main] INFO  o.s.scheduling.concurrent.ThreadPoolTaskExecutor - Initializing ExecutorService 'applicationTaskExecutor'
2020-06-10 16:28:08 [main] INFO  org.apache.coyote.http11.Http11NioProtocol - Starting ProtocolHandler ["http-nio-17777"]
2020-06-10 16:28:08 [main] INFO  o.s.boot.web.embedded.tomcat.TomcatWebServer - Tomcat started on port(s): 17777 (http) with context path '/cdfyshow'
2020-06-10 16:28:09 [main] INFO  com.wisesoft.cdfyshow.CdfyShowApplication - Started CdfyShowApplication in 11.757 seconds (JVM running for 14.999)
2020-06-10 16:28:13 [http-nio-17777-exec-1] INFO  o.a.c.c.C.[Tomcat].[localhost].[/cdfyshow] - Initializing Spring DispatcherServlet 'dispatcherServlet'
2020-06-10 16:28:13 [http-nio-17777-exec-1] INFO  org.springframework.web.servlet.DispatcherServlet - Initializing Servlet 'dispatcherServlet'
2020-06-10 16:28:13 [http-nio-17777-exec-1] INFO  org.springframework.web.servlet.DispatcherServlet - Completed initialization in 99 ms
2020-06-10 16:28:14 [http-nio-17777-exec-1] INFO  com.alibaba.druid.pool.DruidDataSource - {dataSource-1} inited
2020-06-10 18:17:00 [SpringContextShutdownHook] INFO  o.s.scheduling.concurrent.ThreadPoolTaskExecutor - Shutting down ExecutorService 'applicationTaskExecutor'
2020-06-10 18:17:00 [SpringContextShutdownHook] INFO  com.alibaba.druid.pool.DruidDataSource - {dataSource-1} closed
